<?xml version="1.0" encoding="UTF-8"?>
<!-- Generated by org.testng.reporters.JUnitXMLReporter -->
<<<<<<< HEAD
<<<<<<< HEAD
<<<<<<< HEAD
<<<<<<< HEAD
<testsuite hostname="Ratikanta-pc" ignored="0" name="Default test" tests="1" failures="0" timestamp="18 Feb 2019 20:05:01 GMT" time="1323.184" errors="0">
  <testcase name="JQC_LOC_Refinance_CABPayment_Return_Txn" time="1317.868" classname="tests.QCStore"/>
=======
<testsuite hostname="qtlsys2-124" ignored="0" name="Default test" tests="2" failures="0" timestamp="19 Feb 2019 05:06:44 GMT" time="10.422" errors="0">
  <testcase name="@AfterMethod getResult" time="0.198" classname="tests.QCStore">
    <failure type="java.lang.NullPointerException">
      <![CDATA[java.lang.NullPointerException
at tests.QCStore.getResult(QCStore.java:7372)
=======
<testsuite hostname="Ratikanta-pc" ignored="0" name="Default test" tests="3" failures="1" timestamp="22 Feb 2019 06:01:05 GMT" time="675.68" errors="0">
  <testcase name="@AfterMethod getResult" time="0.004" classname="tests.QCStore">
    <failure type="org.openqa.selenium.NoSuchSessionException" message="Session ID is null. Using WebDriver after calling quit()?
Build info: version: &amp;apos;3.14.0&amp;apos;, revision: &amp;apos;aacccce0&amp;apos;, time: &amp;apos;2018-08-02T20:19:58.91Z&amp;apos;
System info: host: &amp;apos;RATIKANTA-PC&amp;apos;, ip: &amp;apos;192.168.2.66&amp;apos;, os.name: &amp;apos;Windows 7&amp;apos;, os.arch: &amp;apos;amd64&amp;apos;, os.version: &amp;apos;6.1&amp;apos;, java.version: &amp;apos;1.8.0_181&amp;apos;
Driver info: driver.version: RemoteWebDriver">
      <![CDATA[org.openqa.selenium.NoSuchSessionException: Session ID is null. Using WebDriver after calling quit()?
Build info: version: '3.14.0', revision: 'aacccce0', time: '2018-08-02T20:19:58.91Z'
System info: host: 'RATIKANTA-PC', ip: '192.168.2.66', os.name: 'Windows 7', os.arch: 'amd64', os.version: '6.1', java.version: '1.8.0_181'
Driver info: driver.version: RemoteWebDriver
at org.openqa.selenium.remote.HttpCommandExecutor.execute(HttpCommandExecutor.java:125)
at org.openqa.selenium.remote.service.DriverCommandExecutor.execute(DriverCommandExecutor.java:83)
at org.openqa.selenium.remote.RemoteWebDriver.execute(RemoteWebDriver.java:548)
at org.openqa.selenium.remote.RemoteWebDriver.execute(RemoteWebDriver.java:605)
at org.openqa.selenium.remote.RemoteWebDriver.getScreenshotAs(RemoteWebDriver.java:294)
at tests.QCStore.getScreenhot(QCStore.java:7373)
at tests.QCStore.getResult(QCStore.java:7389)
>>>>>>> feb1.1
at sun.reflect.NativeMethodAccessorImpl.invoke0(Native Method)
at sun.reflect.NativeMethodAccessorImpl.invoke(Unknown Source)
at sun.reflect.DelegatingMethodAccessorImpl.invoke(Unknown Source)
at java.lang.reflect.Method.invoke(Unknown Source)
at org.testng.internal.MethodInvocationHelper.invokeMethod(MethodInvocationHelper.java:124)
at org.testng.internal.MethodInvocationHelper.invokeMethodConsideringTimeout(MethodInvocationHelper.java:59)
at org.testng.internal.Invoker.invokeConfigurationMethod(Invoker.java:458)
at org.testng.internal.Invoker.invokeConfigurations(Invoker.java:222)
at org.testng.internal.Invoker.invokeMethod(Invoker.java:646)
at org.testng.internal.Invoker.invokeTestMethod(Invoker.java:719)
at org.testng.internal.Invoker.invokeTestMethods(Invoker.java:989)
at org.testng.internal.TestMethodWorker.invokeTestMethods(TestMethodWorker.java:125)
at org.testng.internal.TestMethodWorker.run(TestMethodWorker.java:109)
at org.testng.TestRunner.privateRun(TestRunner.java:648)
at org.testng.TestRunner.run(TestRunner.java:505)
at org.testng.SuiteRunner.runTest(SuiteRunner.java:455)
at org.testng.SuiteRunner.runSequentially(SuiteRunner.java:450)
at org.testng.SuiteRunner.privateRun(SuiteRunner.java:415)
at org.testng.SuiteRunner.run(SuiteRunner.java:364)
at org.testng.SuiteRunnerWorker.runSuite(SuiteRunnerWorker.java:52)
at org.testng.SuiteRunnerWorker.run(SuiteRunnerWorker.java:84)
at org.testng.TestNG.runSuitesSequentially(TestNG.java:1208)
at org.testng.TestNG.runSuitesLocally(TestNG.java:1137)
at org.testng.TestNG.runSuites(TestNG.java:1049)
at org.testng.TestNG.run(TestNG.java:1017)
at org.testng.remote.AbstractRemoteTestNG.run(AbstractRemoteTestNG.java:114)
at org.testng.remote.RemoteTestNG.initAndRun(RemoteTestNG.java:251)
at org.testng.remote.RemoteTestNG.main(RemoteTestNG.java:77)
]]>
    </failure>
  </testcase> <!-- @AfterMethod getResult -->
<<<<<<< HEAD
  <testcase name="@AfterMethod getResult" time="0.039" classname="tests.QCStore">
=======
  <testcase name="JQC_LOC_New_Loan_Void_Txn" time="343.439" classname="tests.QCStore"/>
  <testcase name="JQC_LOC_New_Loan_Rescind_Txn" time="316.765" classname="tests.QCStore"/>
  <testcase name="Deposit_Dropdown" time="0.044" classname="tests.QCStore">
>>>>>>> feb1.1
    <failure type="java.lang.NullPointerException">
      <![CDATA[java.lang.NullPointerException
at tests.QCStore.getResult(QCStore.java:7372)
at sun.reflect.NativeMethodAccessorImpl.invoke0(Native Method)
at sun.reflect.NativeMethodAccessorImpl.invoke(Unknown Source)
at sun.reflect.DelegatingMethodAccessorImpl.invoke(Unknown Source)
at java.lang.reflect.Method.invoke(Unknown Source)
at org.testng.internal.MethodInvocationHelper.invokeMethod(MethodInvocationHelper.java:124)
at org.testng.internal.MethodInvocationHelper.invokeMethodConsideringTimeout(MethodInvocationHelper.java:59)
at org.testng.internal.Invoker.invokeConfigurationMethod(Invoker.java:458)
at org.testng.internal.Invoker.invokeConfigurations(Invoker.java:222)
at org.testng.internal.Invoker.invokeMethod(Invoker.java:536)
at org.testng.internal.Invoker.invokeTestMethod(Invoker.java:719)
at org.testng.internal.Invoker.invokeTestMethods(Invoker.java:989)
at org.testng.internal.TestMethodWorker.invokeTestMethods(TestMethodWorker.java:125)
at org.testng.internal.TestMethodWorker.run(TestMethodWorker.java:109)
at org.testng.TestRunner.privateRun(TestRunner.java:648)
at org.testng.TestRunner.run(TestRunner.java:505)
at org.testng.SuiteRunner.runTest(SuiteRunner.java:455)
at org.testng.SuiteRunner.runSequentially(SuiteRunner.java:450)
at org.testng.SuiteRunner.privateRun(SuiteRunner.java:415)
at org.testng.SuiteRunner.run(SuiteRunner.java:364)
at org.testng.SuiteRunnerWorker.runSuite(SuiteRunnerWorker.java:52)
at org.testng.SuiteRunnerWorker.run(SuiteRunnerWorker.java:84)
at org.testng.TestNG.runSuitesSequentially(TestNG.java:1208)
at org.testng.TestNG.runSuitesLocally(TestNG.java:1137)
at org.testng.TestNG.runSuites(TestNG.java:1049)
at org.testng.TestNG.run(TestNG.java:1017)
at org.testng.remote.AbstractRemoteTestNG.run(AbstractRemoteTestNG.java:114)
at org.testng.remote.RemoteTestNG.initAndRun(RemoteTestNG.java:251)
at org.testng.remote.RemoteTestNG.main(RemoteTestNG.java:77)
]]>
    </failure>
  </testcase> <!-- @AfterMethod getResult -->
  <testcase name="LOC_ACHDeposit_EOD_Return_EOD_Default_Redeposit_Txn" time="0.021" classname="tests.QCStore"/>
  <testcase name="Deposit_Dropdown" time="0.0" classname="tests.QCStore">
    <skipped/>
  </testcase> <!-- Deposit_Dropdown -->
>>>>>>> QCH1.1
=======
<testsuite hostname="Ratikanta-pc" ignored="0" name="Default test" tests="1" failures="0" timestamp="19 Feb 2019 11:47:03 GMT" time="68.203" errors="0">
  <testcase name="RQC_LOC_ManualDefault_Txn_Testdata" time="62.896" classname="tests.QCStore"/>
>>>>>>> feb1.1
=======
<testsuite hostname="qtlsys2-124" ignored="0" name="Default test" tests="7" failures="0" timestamp="19 Feb 2019 13:50:00 GMT" time="8110.511" errors="0">
  <testcase name="Deposit_Dropdown" time="1007.459" classname="tests.QCStore"/>
  <testcase name="Deposit_Dropdown_Void" time="1167.161" classname="tests.QCStore"/>
  <testcase name="SQC_LOC_Deposit_Bulk" time="999.052" classname="tests.QCStore"/>
  <testcase name="SQC_LOC_Deposit_Bulk_Void" time="1187.288" classname="tests.QCStore"/>
  <testcase name="MidDay_Deposit" time="1238.18" classname="tests.QCStore"/>
  <testcase name="MidDay_Void_Deposit" time="1428.19" classname="tests.QCStore"/>
  <testcase name="SQC_LOC_LessMinPayment_Deposit" time="1043.441" classname="tests.QCStore"/>
>>>>>>> QCH1.1
</testsuite> <!-- Default test -->
