<?xml version="1.0" encoding="UTF-8"?>
<!-- Generated by org.testng.reporters.JUnitXMLReporter -->
<testsuite hostname="QTLSYS1-182" ignored="77" name="Test" tests="7" failures="4" timestamp="20 Mar 2019 12:01:23 GMT" time="4818.558" errors="0">
  <testcase name="EODOnDueDate" time="1039.102" classname="tests.QCStore"/>
  <testcase name="PaymentAndEod" time="1193.588" classname="tests.QCStore"/>
  <testcase name="HigherPaymentAndEod" time="1178.536" classname="tests.QCStore"/>
  <testcase name="VoidandEod" time="1032.569" classname="tests.QCStore">
    <failure type="org.openqa.selenium.NoSuchElementException" message="Unable to find element with xpath == //input[@class=&amp;apos;sortbuttons&amp;apos; and @onclick=&amp;apos;withheldProcess()&amp;apos;] (WARNING: The server did not provide any stacktrace information)
Command duration or timeout: 0 milliseconds
For documentation on this error, please visit: http://seleniumhq.org/exceptions/no_such_element.html
Build info: version: &amp;apos;3.14.0&amp;apos;, revision: &amp;apos;aacccce0&amp;apos;, time: &amp;apos;2018-08-02T20:19:58.91Z&amp;apos;
System info: host: &amp;apos;QTLSYS1-182&amp;apos;, ip: &amp;apos;192.168.1.182&amp;apos;, os.name: &amp;apos;Windows 7&amp;apos;, os.arch: &amp;apos;amd64&amp;apos;, os.version: &amp;apos;6.1&amp;apos;, java.version: &amp;apos;1.8.0_101&amp;apos;
Driver info: org.openqa.selenium.ie.InternetExplorerDriver
Capabilities {browserAttachTimeout: 0, browserName: internet explorer, cssSelectorsEnabled: true, elementScrollBehavior: 0, enableElementCacheCleanup: true, enablePersistentHover: true, handlesAlerts: true, ie.browserCommandLineSwitches: , ie.ensureCleanSession: false, ie.forceCreateProcessApi: false, ie.usePerProcessProxy: false, ignoreProtectedModeSettings: false, ignoreZoomSetting: false, initialBrowserUrl: http://localhost:41372/, javascriptEnabled: true, nativeEvents: true, platform: WINDOWS, platformName: WINDOWS, requireWindowFocus: false, takesScreenshot: true, unexpectedAlertBehaviour: dismiss, unhandledPromptBehavior: dismiss, version: 11}
Session ID: bfeb5ad2-828d-46b9-a57c-a2b3a2ff904d
*** Element info: {Using=xpath, value=//input[@class=&amp;apos;sortbuttons&amp;apos; and @onclick=&amp;apos;withheldProcess()&amp;apos;]}">
      <![CDATA[org.openqa.selenium.NoSuchElementException: Unable to find element with xpath == //input[@class='sortbuttons' and @onclick='withheldProcess()'] (WARNING: The server did not provide any stacktrace information)
Command duration or timeout: 0 milliseconds
For documentation on this error, please visit: http://seleniumhq.org/exceptions/no_such_element.html
Build info: version: '3.14.0', revision: 'aacccce0', time: '2018-08-02T20:19:58.91Z'
System info: host: 'QTLSYS1-182', ip: '192.168.1.182', os.name: 'Windows 7', os.arch: 'amd64', os.version: '6.1', java.version: '1.8.0_101'
Driver info: org.openqa.selenium.ie.InternetExplorerDriver
Capabilities {browserAttachTimeout: 0, browserName: internet explorer, cssSelectorsEnabled: true, elementScrollBehavior: 0, enableElementCacheCleanup: true, enablePersistentHover: true, handlesAlerts: true, ie.browserCommandLineSwitches: , ie.ensureCleanSession: false, ie.forceCreateProcessApi: false, ie.usePerProcessProxy: false, ignoreProtectedModeSettings: false, ignoreZoomSetting: false, initialBrowserUrl: http://localhost:41372/, javascriptEnabled: true, nativeEvents: true, platform: WINDOWS, platformName: WINDOWS, requireWindowFocus: false, takesScreenshot: true, unexpectedAlertBehaviour: dismiss, unhandledPromptBehavior: dismiss, version: 11}
Session ID: bfeb5ad2-828d-46b9-a57c-a2b3a2ff904d
*** Element info: {Using=xpath, value=//input[@class='sortbuttons' and @onclick='withheldProcess()']}
at org.openqa.selenium.remote.ErrorHandler.createThrowable(ErrorHandler.java:214)
at org.openqa.selenium.remote.ErrorHandler.throwIfResponseFailed(ErrorHandler.java:166)
at org.openqa.selenium.remote.http.JsonHttpResponseCodec.reconstructValue(JsonHttpResponseCodec.java:40)
at org.openqa.selenium.remote.http.AbstractHttpResponseCodec.decode(AbstractHttpResponseCodec.java:80)
at org.openqa.selenium.remote.http.AbstractHttpResponseCodec.decode(AbstractHttpResponseCodec.java:44)
at org.openqa.selenium.remote.HttpCommandExecutor.execute(HttpCommandExecutor.java:158)
at org.openqa.selenium.remote.service.DriverCommandExecutor.execute(DriverCommandExecutor.java:83)
at org.openqa.selenium.remote.RemoteWebDriver.execute(RemoteWebDriver.java:548)
at org.openqa.selenium.remote.RemoteWebDriver.findElement(RemoteWebDriver.java:322)
at org.openqa.selenium.remote.RemoteWebDriver.findElementByXPath(RemoteWebDriver.java:424)
at org.openqa.selenium.By$ByXPath.findElement(By.java:353)
at org.openqa.selenium.remote.RemoteWebDriver.findElement(RemoteWebDriver.java:314)
at tests.AQCEODDeposit.eodDeposit(AQCEODDeposit.java:351)
at tests.QCStore.VoidandEod(QCStore.java:5490)
... Removed 29 stack frames]]>
    </failure>
  </testcase> <!-- VoidandEod -->
  <testcase name="PayOFFandEod" time="112.681" classname="tests.QCStore">
    <failure type="org.openqa.selenium.NoSuchElementException" message="Unable to find element with id == LoanButtonId (WARNING: The server did not provide any stacktrace information)
Command duration or timeout: 0 milliseconds
For documentation on this error, please visit: http://seleniumhq.org/exceptions/no_such_element.html
Build info: version: &amp;apos;3.14.0&amp;apos;, revision: &amp;apos;aacccce0&amp;apos;, time: &amp;apos;2018-08-02T20:19:58.91Z&amp;apos;
System info: host: &amp;apos;QTLSYS1-182&amp;apos;, ip: &amp;apos;192.168.1.182&amp;apos;, os.name: &amp;apos;Windows 7&amp;apos;, os.arch: &amp;apos;amd64&amp;apos;, os.version: &amp;apos;6.1&amp;apos;, java.version: &amp;apos;1.8.0_101&amp;apos;
Driver info: org.openqa.selenium.ie.InternetExplorerDriver
Capabilities {browserAttachTimeout: 0, browserName: internet explorer, cssSelectorsEnabled: true, elementScrollBehavior: 0, enableElementCacheCleanup: true, enablePersistentHover: true, handlesAlerts: true, ie.browserCommandLineSwitches: , ie.ensureCleanSession: false, ie.forceCreateProcessApi: false, ie.usePerProcessProxy: false, ignoreProtectedModeSettings: false, ignoreZoomSetting: false, initialBrowserUrl: http://localhost:25476/, javascriptEnabled: true, nativeEvents: true, platform: WINDOWS, platformName: WINDOWS, requireWindowFocus: false, takesScreenshot: true, unexpectedAlertBehaviour: dismiss, unhandledPromptBehavior: dismiss, version: 11}
Session ID: 3466119d-05c7-4642-93a0-b92fce9992cf
*** Element info: {Using=id, value=LoanButtonId}">
      <![CDATA[org.openqa.selenium.NoSuchElementException: Unable to find element with id == LoanButtonId (WARNING: The server did not provide any stacktrace information)
Command duration or timeout: 0 milliseconds
For documentation on this error, please visit: http://seleniumhq.org/exceptions/no_such_element.html
Build info: version: '3.14.0', revision: 'aacccce0', time: '2018-08-02T20:19:58.91Z'
System info: host: 'QTLSYS1-182', ip: '192.168.1.182', os.name: 'Windows 7', os.arch: 'amd64', os.version: '6.1', java.version: '1.8.0_101'
Driver info: org.openqa.selenium.ie.InternetExplorerDriver
Capabilities {browserAttachTimeout: 0, browserName: internet explorer, cssSelectorsEnabled: true, elementScrollBehavior: 0, enableElementCacheCleanup: true, enablePersistentHover: true, handlesAlerts: true, ie.browserCommandLineSwitches: , ie.ensureCleanSession: false, ie.forceCreateProcessApi: false, ie.usePerProcessProxy: false, ignoreProtectedModeSettings: false, ignoreZoomSetting: false, initialBrowserUrl: http://localhost:25476/, javascriptEnabled: true, nativeEvents: true, platform: WINDOWS, platformName: WINDOWS, requireWindowFocus: false, takesScreenshot: true, unexpectedAlertBehaviour: dismiss, unhandledPromptBehavior: dismiss, version: 11}
Session ID: 3466119d-05c7-4642-93a0-b92fce9992cf
*** Element info: {Using=id, value=LoanButtonId}
at org.openqa.selenium.remote.ErrorHandler.createThrowable(ErrorHandler.java:214)
at org.openqa.selenium.remote.ErrorHandler.throwIfResponseFailed(ErrorHandler.java:166)
at org.openqa.selenium.remote.http.JsonHttpResponseCodec.reconstructValue(JsonHttpResponseCodec.java:40)
at org.openqa.selenium.remote.http.AbstractHttpResponseCodec.decode(AbstractHttpResponseCodec.java:80)
at org.openqa.selenium.remote.http.AbstractHttpResponseCodec.decode(AbstractHttpResponseCodec.java:44)
at org.openqa.selenium.remote.HttpCommandExecutor.execute(HttpCommandExecutor.java:158)
at org.openqa.selenium.remote.service.DriverCommandExecutor.execute(DriverCommandExecutor.java:83)
at org.openqa.selenium.remote.RemoteWebDriver.execute(RemoteWebDriver.java:548)
at org.openqa.selenium.remote.RemoteWebDriver.findElement(RemoteWebDriver.java:322)
at org.openqa.selenium.remote.RemoteWebDriver.findElementById(RemoteWebDriver.java:368)
at org.openqa.selenium.By$ById.findElement(By.java:188)
at org.openqa.selenium.remote.RemoteWebDriver.findElement(RemoteWebDriver.java:314)
at tests.AQCCSRNewLoan.newLoan(AQCCSRNewLoan.java:150)
at tests.QCStore.PayOFFandEod(QCStore.java:5416)
... Removed 29 stack frames]]>
    </failure>
  </testcase> <!-- PayOFFandEod -->
  <testcase name="DepositAndEOD" time="116.14" classname="tests.QCStore">
    <failure type="org.openqa.selenium.NoSuchElementException" message="Unable to find element with id == LoanButtonId (WARNING: The server did not provide any stacktrace information)
Command duration or timeout: 0 milliseconds
For documentation on this error, please visit: http://seleniumhq.org/exceptions/no_such_element.html
Build info: version: &amp;apos;3.14.0&amp;apos;, revision: &amp;apos;aacccce0&amp;apos;, time: &amp;apos;2018-08-02T20:19:58.91Z&amp;apos;
System info: host: &amp;apos;QTLSYS1-182&amp;apos;, ip: &amp;apos;192.168.1.182&amp;apos;, os.name: &amp;apos;Windows 7&amp;apos;, os.arch: &amp;apos;amd64&amp;apos;, os.version: &amp;apos;6.1&amp;apos;, java.version: &amp;apos;1.8.0_101&amp;apos;
Driver info: org.openqa.selenium.ie.InternetExplorerDriver
Capabilities {browserAttachTimeout: 0, browserName: internet explorer, cssSelectorsEnabled: true, elementScrollBehavior: 0, enableElementCacheCleanup: true, enablePersistentHover: true, handlesAlerts: true, ie.browserCommandLineSwitches: , ie.ensureCleanSession: false, ie.forceCreateProcessApi: false, ie.usePerProcessProxy: false, ignoreProtectedModeSettings: false, ignoreZoomSetting: false, initialBrowserUrl: http://localhost:6778/, javascriptEnabled: true, nativeEvents: true, platform: WINDOWS, platformName: WINDOWS, requireWindowFocus: false, takesScreenshot: true, unexpectedAlertBehaviour: dismiss, unhandledPromptBehavior: dismiss, version: 11}
Session ID: 9aef2658-dbb5-4a73-a11e-7ff969ecc2f4
*** Element info: {Using=id, value=LoanButtonId}">
      <![CDATA[org.openqa.selenium.NoSuchElementException: Unable to find element with id == LoanButtonId (WARNING: The server did not provide any stacktrace information)
Command duration or timeout: 0 milliseconds
For documentation on this error, please visit: http://seleniumhq.org/exceptions/no_such_element.html
Build info: version: '3.14.0', revision: 'aacccce0', time: '2018-08-02T20:19:58.91Z'
System info: host: 'QTLSYS1-182', ip: '192.168.1.182', os.name: 'Windows 7', os.arch: 'amd64', os.version: '6.1', java.version: '1.8.0_101'
Driver info: org.openqa.selenium.ie.InternetExplorerDriver
Capabilities {browserAttachTimeout: 0, browserName: internet explorer, cssSelectorsEnabled: true, elementScrollBehavior: 0, enableElementCacheCleanup: true, enablePersistentHover: true, handlesAlerts: true, ie.browserCommandLineSwitches: , ie.ensureCleanSession: false, ie.forceCreateProcessApi: false, ie.usePerProcessProxy: false, ignoreProtectedModeSettings: false, ignoreZoomSetting: false, initialBrowserUrl: http://localhost:6778/, javascriptEnabled: true, nativeEvents: true, platform: WINDOWS, platformName: WINDOWS, requireWindowFocus: false, takesScreenshot: true, unexpectedAlertBehaviour: dismiss, unhandledPromptBehavior: dismiss, version: 11}
Session ID: 9aef2658-dbb5-4a73-a11e-7ff969ecc2f4
*** Element info: {Using=id, value=LoanButtonId}
at org.openqa.selenium.remote.ErrorHandler.createThrowable(ErrorHandler.java:214)
at org.openqa.selenium.remote.ErrorHandler.throwIfResponseFailed(ErrorHandler.java:166)
at org.openqa.selenium.remote.http.JsonHttpResponseCodec.reconstructValue(JsonHttpResponseCodec.java:40)
at org.openqa.selenium.remote.http.AbstractHttpResponseCodec.decode(AbstractHttpResponseCodec.java:80)
at org.openqa.selenium.remote.http.AbstractHttpResponseCodec.decode(AbstractHttpResponseCodec.java:44)
at org.openqa.selenium.remote.HttpCommandExecutor.execute(HttpCommandExecutor.java:158)
at org.openqa.selenium.remote.service.DriverCommandExecutor.execute(DriverCommandExecutor.java:83)
at org.openqa.selenium.remote.RemoteWebDriver.execute(RemoteWebDriver.java:548)
at org.openqa.selenium.remote.RemoteWebDriver.findElement(RemoteWebDriver.java:322)
at org.openqa.selenium.remote.RemoteWebDriver.findElementById(RemoteWebDriver.java:368)
at org.openqa.selenium.By$ById.findElement(By.java:188)
at org.openqa.selenium.remote.RemoteWebDriver.findElement(RemoteWebDriver.java:314)
at tests.AQCCSRNewLoan.newLoan(AQCCSRNewLoan.java:150)
at tests.QCStore.DepositAndEOD(QCStore.java:5365)
... Removed 29 stack frames]]>
    </failure>
  </testcase> <!-- DepositAndEOD -->
  <testcase name="DrawAndEOD" time="107.27" classname="tests.QCStore">
    <failure type="org.openqa.selenium.NoSuchElementException" message="Unable to find element with id == LoanButtonId (WARNING: The server did not provide any stacktrace information)
Command duration or timeout: 0 milliseconds
For documentation on this error, please visit: http://seleniumhq.org/exceptions/no_such_element.html
Build info: version: &amp;apos;3.14.0&amp;apos;, revision: &amp;apos;aacccce0&amp;apos;, time: &amp;apos;2018-08-02T20:19:58.91Z&amp;apos;
System info: host: &amp;apos;QTLSYS1-182&amp;apos;, ip: &amp;apos;192.168.1.182&amp;apos;, os.name: &amp;apos;Windows 7&amp;apos;, os.arch: &amp;apos;amd64&amp;apos;, os.version: &amp;apos;6.1&amp;apos;, java.version: &amp;apos;1.8.0_101&amp;apos;
Driver info: org.openqa.selenium.ie.InternetExplorerDriver
Capabilities {browserAttachTimeout: 0, browserName: internet explorer, cssSelectorsEnabled: true, elementScrollBehavior: 0, enableElementCacheCleanup: true, enablePersistentHover: true, handlesAlerts: true, ie.browserCommandLineSwitches: , ie.ensureCleanSession: false, ie.forceCreateProcessApi: false, ie.usePerProcessProxy: false, ignoreProtectedModeSettings: false, ignoreZoomSetting: false, initialBrowserUrl: http://localhost:13989/, javascriptEnabled: true, nativeEvents: true, platform: WINDOWS, platformName: WINDOWS, requireWindowFocus: false, takesScreenshot: true, unexpectedAlertBehaviour: dismiss, unhandledPromptBehavior: dismiss, version: 11}
Session ID: 62fd2169-d651-48d6-8f85-f8ecc22d3948
*** Element info: {Using=id, value=LoanButtonId}">
      <![CDATA[org.openqa.selenium.NoSuchElementException: Unable to find element with id == LoanButtonId (WARNING: The server did not provide any stacktrace information)
Command duration or timeout: 0 milliseconds
For documentation on this error, please visit: http://seleniumhq.org/exceptions/no_such_element.html
Build info: version: '3.14.0', revision: 'aacccce0', time: '2018-08-02T20:19:58.91Z'
System info: host: 'QTLSYS1-182', ip: '192.168.1.182', os.name: 'Windows 7', os.arch: 'amd64', os.version: '6.1', java.version: '1.8.0_101'
Driver info: org.openqa.selenium.ie.InternetExplorerDriver
Capabilities {browserAttachTimeout: 0, browserName: internet explorer, cssSelectorsEnabled: true, elementScrollBehavior: 0, enableElementCacheCleanup: true, enablePersistentHover: true, handlesAlerts: true, ie.browserCommandLineSwitches: , ie.ensureCleanSession: false, ie.forceCreateProcessApi: false, ie.usePerProcessProxy: false, ignoreProtectedModeSettings: false, ignoreZoomSetting: false, initialBrowserUrl: http://localhost:13989/, javascriptEnabled: true, nativeEvents: true, platform: WINDOWS, platformName: WINDOWS, requireWindowFocus: false, takesScreenshot: true, unexpectedAlertBehaviour: dismiss, unhandledPromptBehavior: dismiss, version: 11}
Session ID: 62fd2169-d651-48d6-8f85-f8ecc22d3948
*** Element info: {Using=id, value=LoanButtonId}
at org.openqa.selenium.remote.ErrorHandler.createThrowable(ErrorHandler.java:214)
at org.openqa.selenium.remote.ErrorHandler.throwIfResponseFailed(ErrorHandler.java:166)
at org.openqa.selenium.remote.http.JsonHttpResponseCodec.reconstructValue(JsonHttpResponseCodec.java:40)
at org.openqa.selenium.remote.http.AbstractHttpResponseCodec.decode(AbstractHttpResponseCodec.java:80)
at org.openqa.selenium.remote.http.AbstractHttpResponseCodec.decode(AbstractHttpResponseCodec.java:44)
at org.openqa.selenium.remote.HttpCommandExecutor.execute(HttpCommandExecutor.java:158)
at org.openqa.selenium.remote.service.DriverCommandExecutor.execute(DriverCommandExecutor.java:83)
at org.openqa.selenium.remote.RemoteWebDriver.execute(RemoteWebDriver.java:548)
at org.openqa.selenium.remote.RemoteWebDriver.findElement(RemoteWebDriver.java:322)
at org.openqa.selenium.remote.RemoteWebDriver.findElementById(RemoteWebDriver.java:368)
at org.openqa.selenium.By$ById.findElement(By.java:188)
at org.openqa.selenium.remote.RemoteWebDriver.findElement(RemoteWebDriver.java:314)
at tests.ADrawNewLoanMinamount.newLoan(ADrawNewLoanMinamount.java:149)
at tests.QCStore.DrawAndEOD(QCStore.java:5311)
... Removed 28 stack frames]]>
    </failure>
  </testcase> <!-- DrawAndEOD -->
  <testcase name="AReviseCredit_IncIncome" time="0.0" classname="tests.QCStore">
    <ignored/>
  </testcase> <!-- AReviseCredit_IncIncome -->
  <testcase name="LOC_Draw_Void_Txn" time="0.0" classname="tests.QCStore">
    <ignored/>
  </testcase> <!-- LOC_Draw_Void_Txn -->
  <testcase name="JQC_LOC_Refinance_StepSame_Txn" time="0.0" classname="tests.QCStore">
    <ignored/>
  </testcase> <!-- JQC_LOC_Refinance_StepSame_Txn -->
  <testcase name="RQC_LOC_Deposit_Return_ManualDefault_Txn_Testdata" time="0.0" classname="tests.QCStore">
    <ignored/>
  </testcase> <!-- RQC_LOC_Deposit_Return_ManualDefault_Txn_Testdata -->
  <testcase name="JQC_LOC_New_Loan_Rescind_Txn" time="0.0" classname="tests.QCStore">
    <ignored/>
  </testcase> <!-- JQC_LOC_New_Loan_Rescind_Txn -->
  <testcase name="PaymentdrawVoidEOD" time="0.0" classname="tests.QCStore">
    <ignored/>
  </testcase> <!-- PaymentdrawVoidEOD -->
  <testcase name="SignatureNewLoan_EODTwice" time="0.0" classname="tests.QCStore">
    <ignored/>
  </testcase> <!-- SignatureNewLoan_EODTwice -->
  <testcase name="JQC_LOC_Refinance_StepUp_Txn" time="0.0" classname="tests.QCStore">
    <ignored/>
  </testcase> <!-- JQC_LOC_Refinance_StepUp_Txn -->
  <testcase name="LOC_ACHDeposit_EOD_Return_EOD_Redeposit_Txn" time="0.0" classname="tests.QCStore">
    <ignored/>
  </testcase> <!-- LOC_ACHDeposit_EOD_Return_EOD_Redeposit_Txn -->
  <testcase name="LOC_PayOff_Draw_Void_Txn" time="0.0" classname="tests.QCStore">
    <ignored/>
  </testcase> <!-- LOC_PayOff_Draw_Void_Txn -->
  <testcase name="LOC_Payment_Draw_Void_Txn" time="0.0" classname="tests.QCStore">
    <ignored/>
  </testcase> <!-- LOC_Payment_Draw_Void_Txn -->
  <testcase name="SQC_LOC_Deposit_Bulk_Void" time="0.0" classname="tests.QCStore">
    <ignored/>
  </testcase> <!-- SQC_LOC_Deposit_Bulk_Void -->
  <testcase name="JQC_LOC_LessThan_MinPayment_Txn" time="0.0" classname="tests.QCStore">
    <ignored/>
  </testcase> <!-- JQC_LOC_LessThan_MinPayment_Txn -->
  <testcase name="DepositEODReDeposit" time="0.0" classname="tests.QCStore">
    <ignored/>
  </testcase> <!-- DepositEODReDeposit -->
  <testcase name="LOC_Deposit2_Return_Writeoff" time="0.0" classname="tests.QCStore">
    <ignored/>
  </testcase> <!-- LOC_Deposit2_Return_Writeoff -->
  <testcase name="PaymentDepositEODReDeposit" time="0.0" classname="tests.QCStore">
    <ignored/>
  </testcase> <!-- PaymentDepositEODReDeposit -->
  <testcase name="RQC_LOC_ManualDefault_Txn_Testdata" time="0.0" classname="tests.QCStore">
    <ignored/>
  </testcase> <!-- RQC_LOC_ManualDefault_Txn_Testdata -->
  <testcase name="LOC_Payment_Return_PayOff_Txn" time="0.0" classname="tests.QCStore">
    <ignored/>
  </testcase> <!-- LOC_Payment_Return_PayOff_Txn -->
  <testcase name="RQC_LOC_Default_PartialDefaultPayment_FullDefaultPayment_Txn_Testdata" time="0.0" classname="tests.QCStore">
    <ignored/>
  </testcase> <!-- RQC_LOC_Default_PartialDefaultPayment_FullDefaultPayment_Txn_Testdata -->
  <testcase name="Deposit_Dropdown_Void" time="0.0" classname="tests.QCStore">
    <ignored/>
  </testcase> <!-- Deposit_Dropdown_Void -->
  <testcase name="RQC_LOC_PayOff_Agestore180days_AutoClosure_Txn_Testdata" time="0.0" classname="tests.QCStore">
    <ignored/>
  </testcase> <!-- RQC_LOC_PayOff_Agestore180days_AutoClosure_Txn_Testdata -->
  <testcase name="JQC_LOC_Payment_void_NextBusinessDay_Txn" time="0.0" classname="tests.QCStore">
    <ignored/>
  </testcase> <!-- JQC_LOC_Payment_void_NextBusinessDay_Txn -->
  <testcase name="Deposit_Dropdown" time="0.0" classname="tests.QCStore">
    <ignored/>
  </testcase> <!-- Deposit_Dropdown -->
  <testcase name="JQC_LOC_Refinance_EOD_Payment_Txn" time="0.0" classname="tests.QCStore">
    <ignored/>
  </testcase> <!-- JQC_LOC_Refinance_EOD_Payment_Txn -->
  <testcase name="JQC_LOC_Payment_After_Rescind_Txn" time="0.0" classname="tests.QCStore">
    <ignored/>
  </testcase> <!-- JQC_LOC_Payment_After_Rescind_Txn -->
  <testcase name="RQC_LOC_Deposit_Return_2ndDeposit_Clear_3rdDeposit_Return_Default_Txn_Testdata" time="0.0" classname="tests.QCStore">
    <ignored/>
  </testcase> <!-- RQC_LOC_Deposit_Return_2ndDeposit_Clear_3rdDeposit_Return_Default_Txn_Testdata -->
  <testcase name="JQC_LOC_GreaterThan_MinPayment_Void_Txn" time="0.0" classname="tests.QCStore">
    <ignored/>
  </testcase> <!-- JQC_LOC_GreaterThan_MinPayment_Void_Txn -->
  <testcase name="JQC_LOC_Refinance_Stepdown_Txn" time="0.0" classname="tests.QCStore">
    <ignored/>
  </testcase> <!-- JQC_LOC_Refinance_Stepdown_Txn -->
  <testcase name="JQC_LOC_Refinance_Latefee_Payment_Txn" time="0.0" classname="tests.QCStore">
    <ignored/>
  </testcase> <!-- JQC_LOC_Refinance_Latefee_Payment_Txn -->
  <testcase name="LOC_Deposit_Return_PayOff_Txn" time="0.0" classname="tests.QCStore">
    <ignored/>
  </testcase> <!-- LOC_Deposit_Return_PayOff_Txn -->
  <testcase name="JQC_LOC_LessThan_MinPayment_Return_Txn" time="0.0" classname="tests.QCStore">
    <ignored/>
  </testcase> <!-- JQC_LOC_LessThan_MinPayment_Return_Txn -->
  <testcase name="RQC_LOC_Default_DefaultPayment_Void_Txn_Testdata" time="0.0" classname="tests.QCStore">
    <ignored/>
  </testcase> <!-- RQC_LOC_Default_DefaultPayment_Void_Txn_Testdata -->
  <testcase name="RQC_LOC_ManualDefault_EOD_Txn_Testdata" time="0.0" classname="tests.QCStore">
    <ignored/>
  </testcase> <!-- RQC_LOC_ManualDefault_EOD_Txn_Testdata -->
  <testcase name="Deposit_DrawEODTwice" time="0.0" classname="tests.QCStore">
    <ignored/>
  </testcase> <!-- Deposit_DrawEODTwice -->
  <testcase name="JQC_LOC_New_Loan_GraceDay_Rescind_Txn" time="0.0" classname="tests.QCStore">
    <ignored/>
  </testcase> <!-- JQC_LOC_New_Loan_GraceDay_Rescind_Txn -->
  <testcase name="LOC_PayOff_RescindPeriod_void_Txn" time="0.0" classname="tests.QCStore">
    <ignored/>
  </testcase> <!-- LOC_PayOff_RescindPeriod_void_Txn -->
  <testcase name="RQC_LOC_2missedPayment_Default_EOD_Txn_Testdata" time="0.0" classname="tests.QCStore">
    <ignored/>
  </testcase> <!-- RQC_LOC_2missedPayment_Default_EOD_Txn_Testdata -->
  <testcase name="DepositEODTwice" time="0.0" classname="tests.QCStore">
    <ignored/>
  </testcase> <!-- DepositEODTwice -->
  <testcase name="RQC_DefaultPayment_Void_Txn_Testdata" time="0.0" classname="tests.QCStore">
    <ignored/>
  </testcase> <!-- RQC_DefaultPayment_Void_Txn_Testdata -->
  <testcase name="LOC_ACHDeposit_EOD_Return_EOD_Default_Redeposit_Txn" time="0.0" classname="tests.QCStore">
    <ignored/>
  </testcase> <!-- LOC_ACHDeposit_EOD_Return_EOD_Default_Redeposit_Txn -->
  <testcase name="PaymentAndDraw" time="0.0" classname="tests.QCStore">
    <ignored/>
  </testcase> <!-- PaymentAndDraw -->
  <testcase name="LOC_ACHDeposit_EODs_Return_ReDeposit_Clear_Txn" time="0.0" classname="tests.QCStore">
    <ignored/>
  </testcase> <!-- LOC_ACHDeposit_EODs_Return_ReDeposit_Clear_Txn -->
  <testcase name="RQC_LOC_Default_DefaultPayment_Return_Txn_Testdata" time="0.0" classname="tests.QCStore">
    <ignored/>
  </testcase> <!-- RQC_LOC_Default_DefaultPayment_Return_Txn_Testdata -->
  <testcase name="RQC_LOC_Default_PartialDefaultPayment_FullDefaultPayment_Void_Txn_Testdata" time="0.0" classname="tests.QCStore">
    <ignored/>
  </testcase> <!-- RQC_LOC_Default_PartialDefaultPayment_FullDefaultPayment_Void_Txn_Testdata -->
  <testcase name="RQC_LOC_Default_PartialDefaultPayment_Void_Txn_Testdata" time="0.0" classname="tests.QCStore">
    <ignored/>
  </testcase> <!-- RQC_LOC_Default_PartialDefaultPayment_Void_Txn_Testdata -->
  <testcase name="LOC_Payment_Void_PayOff_Void_Txn" time="0.0" classname="tests.QCStore">
    <ignored/>
  </testcase> <!-- LOC_Payment_Void_PayOff_Void_Txn -->
  <testcase name="JQC_LOC_New_Loan_Void_Txn" time="0.0" classname="tests.QCStore">
    <ignored/>
  </testcase> <!-- JQC_LOC_New_Loan_Void_Txn -->
  <testcase name="LOC_Payment_PayOff_Void_Txn" time="0.0" classname="tests.QCStore">
    <ignored/>
  </testcase> <!-- LOC_Payment_PayOff_Void_Txn -->
  <testcase name="JQC_LOC_Payment_void_Txn" time="0.0" classname="tests.QCStore">
    <ignored/>
  </testcase> <!-- JQC_LOC_Payment_void_Txn -->
  <testcase name="LOC_Payment_Gracedays_PayOff_Void_Txn" time="0.0" classname="tests.QCStore">
    <ignored/>
  </testcase> <!-- LOC_Payment_Gracedays_PayOff_Void_Txn -->
  <testcase name="LOC_ACHDeposit_EODs_Return_Txn" time="0.0" classname="tests.QCStore">
    <ignored/>
  </testcase> <!-- LOC_ACHDeposit_EODs_Return_Txn -->
  <testcase name="JQC_LOC_GreaterThan_MinPayment_Txn" time="0.0" classname="tests.QCStore">
    <ignored/>
  </testcase> <!-- JQC_LOC_GreaterThan_MinPayment_Txn -->
  <testcase name="LOC_PayOff_Return_Txn" time="0.0" classname="tests.QCStore">
    <ignored/>
  </testcase> <!-- LOC_PayOff_Return_Txn -->
  <testcase name="SQC_LOC_Deposit_Bulk" time="0.0" classname="tests.QCStore">
    <ignored/>
  </testcase> <!-- SQC_LOC_Deposit_Bulk -->
  <testcase name="LOC_ACHDeposit_EODs_Return_ReDeposit_Return_Txn" time="0.0" classname="tests.QCStore">
    <ignored/>
  </testcase> <!-- LOC_ACHDeposit_EODs_Return_ReDeposit_Return_Txn -->
  <testcase name="JQC_LOC_DueDate_LessThan_MinPayment_Txn" time="0.0" classname="tests.QCStore">
    <ignored/>
  </testcase> <!-- JQC_LOC_DueDate_LessThan_MinPayment_Txn -->
  <testcase name="JQC_LOC_LessThan_MinPayment_Viod_Txn" time="0.0" classname="tests.QCStore">
    <ignored/>
  </testcase> <!-- JQC_LOC_LessThan_MinPayment_Viod_Txn -->
  <testcase name="JQC_LOC_GreaterThan_MinPayment_Return_Txn" time="0.0" classname="tests.QCStore">
    <ignored/>
  </testcase> <!-- JQC_LOC_GreaterThan_MinPayment_Return_Txn -->
  <testcase name="RQC_LOC_PayOff_Closure_Txn_Testdata" time="0.0" classname="tests.QCStore">
    <ignored/>
  </testcase> <!-- RQC_LOC_PayOff_Closure_Txn_Testdata -->
  <testcase name="MidDay_Void_Deposit" time="0.0" classname="tests.QCStore">
    <ignored/>
  </testcase> <!-- MidDay_Void_Deposit -->
  <testcase name="JQC_LOC_DueDate_GreaterThan_MinPayment_Txn" time="0.0" classname="tests.QCStore">
    <ignored/>
  </testcase> <!-- JQC_LOC_DueDate_GreaterThan_MinPayment_Txn -->
  <testcase name="LOC_Payment_PayOff_Return_Txn" time="0.0" classname="tests.QCStore">
    <ignored/>
  </testcase> <!-- LOC_Payment_PayOff_Return_Txn -->
  <testcase name="JQC_LOC_New_Loan_Void_GraceDay_Txn" time="0.0" classname="tests.QCStore">
    <ignored/>
  </testcase> <!-- JQC_LOC_New_Loan_Void_GraceDay_Txn -->
  <testcase name="LOC_PayOff_Draw_Txn" time="0.0" classname="tests.QCStore">
    <ignored/>
  </testcase> <!-- LOC_PayOff_Draw_Txn -->
  <testcase name="MidDay_Deposit" time="0.0" classname="tests.QCStore">
    <ignored/>
  </testcase> <!-- MidDay_Deposit -->
  <testcase name="RQC_LOC_Payment_PayOff_Closure_Void_Txn_Testdata" time="0.0" classname="tests.QCStore">
    <ignored/>
  </testcase> <!-- RQC_LOC_Payment_PayOff_Closure_Void_Txn_Testdata -->
  <testcase name="RQC_LOC_Deposit_Return_2ndDeposit_Return_Default_Txn_Testdata" time="0.0" classname="tests.QCStore">
    <ignored/>
  </testcase> <!-- RQC_LOC_Deposit_Return_2ndDeposit_Return_Default_Txn_Testdata -->
  <testcase name="LOC_Draw_Txn" time="0.0" classname="tests.QCStore">
    <ignored/>
  </testcase> <!-- LOC_Draw_Txn -->
  <testcase name="RQC_LOC_Default_DefaultPayment_Txn_Testdata" time="0.0" classname="tests.QCStore">
    <ignored/>
  </testcase> <!-- RQC_LOC_Default_DefaultPayment_Txn_Testdata -->
  <testcase name="LOC_Payment_Draw_Txn" time="0.0" classname="tests.QCStore">
    <ignored/>
  </testcase> <!-- LOC_Payment_Draw_Txn -->
  <testcase name="AReviseCredit_PayofffIncreaseIncome" time="0.0" classname="tests.QCStore">
    <ignored/>
  </testcase> <!-- AReviseCredit_PayofffIncreaseIncome -->
  <testcase name="RQC_LOC_PayOff_Closure_PayoffReturn_Txn_Testdata" time="0.0" classname="tests.QCStore">
    <ignored/>
  </testcase> <!-- RQC_LOC_PayOff_Closure_PayoffReturn_Txn_Testdata -->
  <testcase name="JQC_LOC_Payment_OnDueDate_Txn" time="0.0" classname="tests.QCStore">
    <ignored/>
  </testcase> <!-- JQC_LOC_Payment_OnDueDate_Txn -->
  <testcase name="JQC_LOC_New_Loan_After_RescindDays_Txn" time="0.0" classname="tests.QCStore">
    <ignored/>
  </testcase> <!-- JQC_LOC_New_Loan_After_RescindDays_Txn -->
  <testcase name="Clear_Return_EODTwice" time="0.0" classname="tests.QCStore">
    <ignored/>
  </testcase> <!-- Clear_Return_EODTwice -->
  <testcase name="SQC_LOC_LessMinPayment_Deposit" time="0.0" classname="tests.QCStore">
    <ignored/>
  </testcase> <!-- SQC_LOC_LessMinPayment_Deposit -->
  <testcase name="JQC_LOC_Refinance_CABPayment_Return_Txn" time="0.0" classname="tests.QCStore">
    <ignored/>
  </testcase> <!-- JQC_LOC_Refinance_CABPayment_Return_Txn -->
</testsuite> <!-- Test -->
