<?xml version="1.0" encoding="UTF-8"?>
<testng-results skipped="0" failed="1" ignored="0" total="1" passed="0">
  <reporter-output>
  </reporter-output>
<<<<<<< HEAD
  <suite name="Default suite" duration-ms="77815" started-at="2019-04-02T07:23:28Z" finished-at="2019-04-02T07:24:45Z">
    <groups>
    </groups>
    <test name="Default test" duration-ms="77815" started-at="2019-04-02T07:23:28Z" finished-at="2019-04-02T07:24:45Z">
      <class name="tests.LendNation">
        <test-method status="PASS" signature="setup()[pri:0, instance:tests.LendNation@5ce81285]" name="setup" is-config="true" duration-ms="3906" started-at="2019-04-02T07:23:28Z" finished-at="2019-04-02T07:23:31Z">
          <reporter-output>
          </reporter-output>
        </test-method> <!-- setup -->
        <test-method status="FAIL" signature="LendNation()[pri:0, instance:tests.LendNation@5ce81285]" name="LendNation" duration-ms="73698" started-at="2019-04-02T07:23:31Z" finished-at="2019-04-02T07:24:45Z">
          <exception class="java.lang.AssertionError">
            <message>
              <![CDATA[expected [true] but found [false]]]>
            </message>
            <full-stacktrace>
              <![CDATA[java.lang.AssertionError: expected [true] but found [false]
at org.testng.Assert.fail(Assert.java:96)
at org.testng.Assert.failNotEquals(Assert.java:776)
at org.testng.Assert.assertTrue(Assert.java:44)
at org.testng.Assert.assertTrue(Assert.java:54)
at tests.LendNationRegistration.registration(LendNationRegistration.java:211)
at tests.LendNation.LendNation(LendNation.java:140)
at sun.reflect.NativeMethodAccessorImpl.invoke0(Native Method)
at sun.reflect.NativeMethodAccessorImpl.invoke(NativeMethodAccessorImpl.java:62)
at sun.reflect.DelegatingMethodAccessorImpl.invoke(DelegatingMethodAccessorImpl.java:43)
at java.lang.reflect.Method.invoke(Method.java:498)
at org.testng.internal.MethodInvocationHelper.invokeMethod(MethodInvocationHelper.java:124)
at org.testng.internal.Invoker.invokeMethod(Invoker.java:583)
at org.testng.internal.Invoker.invokeTestMethod(Invoker.java:719)
at org.testng.internal.Invoker.invokeTestMethods(Invoker.java:989)
at org.testng.internal.TestMethodWorker.invokeTestMethods(TestMethodWorker.java:125)
at org.testng.internal.TestMethodWorker.run(TestMethodWorker.java:109)
at org.testng.TestRunner.privateRun(TestRunner.java:648)
at org.testng.TestRunner.run(TestRunner.java:505)
at org.testng.SuiteRunner.runTest(SuiteRunner.java:455)
at org.testng.SuiteRunner.runSequentially(SuiteRunner.java:450)
at org.testng.SuiteRunner.privateRun(SuiteRunner.java:415)
at org.testng.SuiteRunner.run(SuiteRunner.java:364)
at org.testng.SuiteRunnerWorker.runSuite(SuiteRunnerWorker.java:52)
at org.testng.SuiteRunnerWorker.run(SuiteRunnerWorker.java:84)
at org.testng.TestNG.runSuitesSequentially(TestNG.java:1208)
at org.testng.TestNG.runSuitesLocally(TestNG.java:1137)
at org.testng.TestNG.runSuites(TestNG.java:1049)
at org.testng.TestNG.run(TestNG.java:1017)
at org.testng.remote.AbstractRemoteTestNG.run(AbstractRemoteTestNG.java:114)
at org.testng.remote.RemoteTestNG.initAndRun(RemoteTestNG.java:251)
at org.testng.remote.RemoteTestNG.main(RemoteTestNG.java:77)
]]>
            </full-stacktrace>
          </exception> <!-- java.lang.AssertionError -->
          <reporter-output>
          </reporter-output>
        </test-method> <!-- LendNation -->
        <test-method status="PASS" signature="endReport()[pri:0, instance:tests.LendNation@5ce81285]" name="endReport" is-config="true" duration-ms="180" started-at="2019-04-02T07:24:45Z" finished-at="2019-04-02T07:24:45Z">
          <reporter-output>
          </reporter-output>
        </test-method> <!-- endReport -->
        <test-method status="PASS" signature="getResult(org.testng.ITestResult)[pri:0, instance:tests.LendNation@5ce81285]" name="getResult" is-config="true" duration-ms="0" started-at="2019-04-02T07:24:45Z" finished-at="2019-04-02T07:24:45Z">
=======
  <suite name="Default suite" duration-ms="576266" started-at="2019-03-25T10:52:02Z" finished-at="2019-03-25T11:01:38Z">
    <groups>
    </groups>
    <test name="Default test" duration-ms="576266" started-at="2019-03-25T10:52:02Z" finished-at="2019-03-25T11:01:38Z">
      <class name="tests.LendNation">
        <test-method status="PASS" signature="setup()[pri:0, instance:tests.LendNation@5ce81285]" name="setup" is-config="true" duration-ms="2061" started-at="2019-03-25T10:52:02Z" finished-at="2019-03-25T10:52:04Z">
          <reporter-output>
          </reporter-output>
        </test-method> <!-- setup -->
        <test-method status="PASS" signature="LendNation()[pri:0, instance:tests.LendNation@5ce81285]" name="LendNation" duration-ms="573981" started-at="2019-03-25T10:52:04Z" finished-at="2019-03-25T11:01:38Z">
          <reporter-output>
          </reporter-output>
        </test-method> <!-- LendNation -->
        <test-method status="PASS" signature="getResult(org.testng.ITestResult)[pri:0, instance:tests.LendNation@5ce81285]" name="getResult" is-config="true" duration-ms="1" started-at="2019-03-25T11:01:38Z" finished-at="2019-03-25T11:01:38Z">
>>>>>>> ed2c491bd27e4295563c266a26fe8e49e10943ef
          <params>
            <param index="0">
              <value>
                <![CDATA[[TestResult name=LendNation status=FAILURE method=LendNation.LendNation()[pri:0, instance:tests.LendNation@5ce81285] output={null}]]]>
              </value>
            </param>
          </params>
          <reporter-output>
          </reporter-output>
        </test-method> <!-- getResult -->
<<<<<<< HEAD
=======
        <test-method status="PASS" signature="endReport()[pri:0, instance:tests.LendNation@5ce81285]" name="endReport" is-config="true" duration-ms="206" started-at="2019-03-25T11:01:38Z" finished-at="2019-03-25T11:01:38Z">
          <reporter-output>
          </reporter-output>
        </test-method> <!-- endReport -->
>>>>>>> ed2c491bd27e4295563c266a26fe8e49e10943ef
      </class> <!-- tests.LendNation -->
    </test> <!-- Default test -->
  </suite> <!-- Default suite -->
</testng-results>
