<!DOCTYPE html>

<html>
  <head>
  <meta charset='utf-8'>
  <title>TestNG reports</title>

    <link type="text/css" href="testng-reports.css" rel="stylesheet" />
    <script type="text/javascript" src="jquery-1.7.1.min.js"></script>
    <script type="text/javascript" src="testng-reports.js"></script>
    <script type="text/javascript" src="https://www.google.com/jsapi"></script>
    <script type='text/javascript'>
      google.load('visualization', '1', {packages:['table']});
      google.setOnLoadCallback(drawTable);
      var suiteTableInitFunctions = new Array();
      var suiteTableData = new Array();
    </script>
    <!--
      <script type="text/javascript" src="jquery-ui/js/jquery-ui-1.8.16.custom.min.js"></script>
     -->
  </head>

  <body>
    <div class="top-banner-root">
      <span class="top-banner-title-font">Test results</span>
      <br/>
<<<<<<< HEAD
      <span class="top-banner-font-1">1 suite</span>
=======
      <span class="top-banner-font-1">1 suite, 16 failed tests</span>
>>>>>>> anoop1.1
    </div> <!-- top-banner-root -->
    <div class="navigator-root">
      <div class="navigator-suite-header">
        <span>All suites</span>
        <a href="#" class="collapse-all-link" title="Collapse/expand all the suites">
          <img class="collapse-all-icon" src="collapseall.gif">
          </img> <!-- collapse-all-icon -->
        </a> <!-- collapse-all-link -->
      </div> <!-- navigator-suite-header -->
      <div class="suite">
        <div class="rounded-window">
          <div class="suite-header light-rounded-window-top">
            <a href="#" class="navigator-link" panel-name="suite-Suite">
              <span class="suite-name border-passed">Suite</span>
            </a> <!-- navigator-link -->
          </div> <!-- suite-header light-rounded-window-top -->
          <div class="navigator-suite-content">
            <div class="suite-section-title">
              <span>Info</span>
            </div> <!-- suite-section-title -->
            <div class="suite-section-content">
              <ul>
                <li>
                  <a href="#" class="navigator-link " panel-name="test-xml-Suite">
                    <span>C:\QC_Batch\QC_PDL\testng.xml</span>
                  </a> <!-- navigator-link  -->
                </li>
                <li>
                  <a href="#" class="navigator-link " panel-name="testlist-Suite">
                    <span class="test-stats">1 test</span>
                  </a> <!-- navigator-link  -->
                </li>
                <li>
                  <a href="#" class="navigator-link " panel-name="group-Suite">
                    <span>1 group</span>
                  </a> <!-- navigator-link  -->
                </li>
                <li>
                  <a href="#" class="navigator-link " panel-name="times-Suite">
                    <span>Times</span>
                  </a> <!-- navigator-link  -->
                </li>
                <li>
                  <a href="#" class="navigator-link " panel-name="reporter-Suite">
                    <span>Reporter output</span>
                  </a> <!-- navigator-link  -->
                </li>
                <li>
                  <a href="#" class="navigator-link " panel-name="ignored-methods-Suite">
                    <span>Ignored methods</span>
                  </a> <!-- navigator-link  -->
                </li>
                <li>
                  <a href="#" class="navigator-link " panel-name="chronological-Suite">
                    <span>Chronological view</span>
                  </a> <!-- navigator-link  -->
                </li>
              </ul>
            </div> <!-- suite-section-content -->
            <div class="result-section">
              <div class="suite-section-title">
                <span>Results</span>
              </div> <!-- suite-section-title -->
              <div class="suite-section-content">
                <ul>
                  <li>
<<<<<<< HEAD
                    <span class="method-stats">1 method,   1 passed</span>
=======
                    <span class="method-stats">23 methods, 16 failed,   7 passed</span>
>>>>>>> anoop1.1
                  </li>
                  <li>
                    <span class="method-list-title passed">Passed methods</span>
                    <span class="show-or-hide-methods passed">
                      <a href="#" panel-name="suite-Suite" class="hide-methods passed suite-Suite"> (hide)</a> <!-- hide-methods passed suite-Suite -->
                      <a href="#" panel-name="suite-Suite" class="show-methods passed suite-Suite"> (show)</a> <!-- show-methods passed suite-Suite -->
                    </span>
                    <div class="method-list-content passed suite-Suite">
                      <span>
<<<<<<< HEAD
                        <img width="3%" src="passed.png"/>
                        <a href="#" class="method navigator-link" panel-name="suite-Suite" title="tests.QCStore" hash-for-method="JQC_PartialWORecovery_FullWORecovery_Void_Txn_Testdata">JQC_PartialWORecovery_FullWORecovery_Void_Txn_Testdata</a> <!-- method navigator-link -->
                      </span>
                      <br/>
=======
                        <img width="3%" src="failed.png"/>
                        <a href="#" class="method navigator-link" panel-name="suite-Suite" title="tests.QCStore" hash-for-method="AQC_EPPDeposit">AQC_EPPDeposit</a> <!-- method navigator-link -->
                      </span>
                      <br/>
                      <span>
                        <img width="3%" src="failed.png"/>
                        <a href="#" class="method navigator-link" panel-name="suite-Suite" title="tests.QCStore" hash-for-method="AQC_EPP_Prepayment">AQC_EPP_Prepayment</a> <!-- method navigator-link -->
                      </span>
                      <br/>
                      <span>
                        <img width="3%" src="failed.png"/>
                        <a href="#" class="method navigator-link" panel-name="suite-Suite" title="tests.QCStore" hash-for-method="AQC_EPP_Redeposit">AQC_EPP_Redeposit</a> <!-- method navigator-link -->
                      </span>
                      <br/>
                      <span>
                        <img width="3%" src="failed.png"/>
                        <a href="#" class="method navigator-link" panel-name="suite-Suite" title="tests.QCStore" hash-for-method="AQC_EPP_Return">AQC_EPP_Return</a> <!-- method navigator-link -->
                      </span>
                      <br/>
                      <span>
                        <img width="3%" src="failed.png"/>
                        <a href="#" class="method navigator-link" panel-name="suite-Suite" title="tests.QCStore" hash-for-method="AQC_EPP_clear">AQC_EPP_clear</a> <!-- method navigator-link -->
                      </span>
                      <br/>
                      <span>
                        <img width="3%" src="failed.png"/>
                        <a href="#" class="method navigator-link" panel-name="suite-Suite" title="tests.QCStore" hash-for-method="AQC_EPP_nsfPayment">AQC_EPP_nsfPayment</a> <!-- method navigator-link -->
                      </span>
                      <br/>
                      <span>
                        <img width="3%" src="failed.png"/>
                        <a href="#" class="method navigator-link" panel-name="suite-Suite" title="tests.QCStore" hash-for-method="AQC_EPP_refund">AQC_EPP_refund</a> <!-- method navigator-link -->
                      </span>
                      <br/>
                      <span>
                        <img width="3%" src="failed.png"/>
                        <a href="#" class="method navigator-link" panel-name="suite-Suite" title="tests.QCStore" hash-for-method="GracedaysDepositMenu">GracedaysDepositMenu</a> <!-- method navigator-link -->
                      </span>
                      <br/>
                      <span>
                        <img width="3%" src="failed.png"/>
                        <a href="#" class="method navigator-link" panel-name="suite-Suite" title="tests.QCStore" hash-for-method="GracedaysMiddayDeposit">GracedaysMiddayDeposit</a> <!-- method navigator-link -->
                      </span>
                      <br/>
                      <span>
                        <img width="3%" src="failed.png"/>
                        <a href="#" class="method navigator-link" panel-name="suite-Suite" title="tests.QCStore" hash-for-method="RefinanceStepSame">RefinanceStepSame</a> <!-- method navigator-link -->
                      </span>
                      <br/>
                      <span>
                        <img width="3%" src="failed.png"/>
                        <a href="#" class="method navigator-link" panel-name="suite-Suite" title="tests.QCStore" hash-for-method="RefinanceStepSameVoid">RefinanceStepSameVoid</a> <!-- method navigator-link -->
                      </span>
                      <br/>
                      <span>
                        <img width="3%" src="failed.png"/>
                        <a href="#" class="method navigator-link" panel-name="suite-Suite" title="tests.QCStore" hash-for-method="RefinanceStepup">RefinanceStepup</a> <!-- method navigator-link -->
                      </span>
                      <br/>
                      <span>
                        <img width="3%" src="failed.png"/>
                        <a href="#" class="method navigator-link" panel-name="suite-Suite" title="tests.QCStore" hash-for-method="RefinanceStepupVoid">RefinanceStepupVoid</a> <!-- method navigator-link -->
                      </span>
                      <br/>
                      <span>
                        <img width="3%" src="failed.png"/>
                        <a href="#" class="method navigator-link" panel-name="suite-Suite" title="tests.QCStore" hash-for-method="maxloanCount">maxloanCount</a> <!-- method navigator-link -->
                      </span>
                      <br/>
                      <span>
                        <img width="3%" src="failed.png"/>
                        <a href="#" class="method navigator-link" panel-name="suite-Suite" title="tests.QCStore" hash-for-method="rebateStepup">rebateStepup</a> <!-- method navigator-link -->
                      </span>
                      <br/>
                      <span>
                        <img width="3%" src="failed.png"/>
                        <a href="#" class="method navigator-link" panel-name="suite-Suite" title="tests.QCStore" hash-for-method="rebateStepupVoid">rebateStepupVoid</a> <!-- method navigator-link -->
                      </span>
                      <br/>
                    </div> <!-- method-list-content failed suite-Suite -->
                  </li>
                  <li>
                    <span class="method-list-title passed">Passed methods</span>
                    <span class="show-or-hide-methods passed">
                      <a href="#" panel-name="suite-Suite" class="hide-methods passed suite-Suite"> (hide)</a> <!-- hide-methods passed suite-Suite -->
                      <a href="#" panel-name="suite-Suite" class="show-methods passed suite-Suite"> (show)</a> <!-- show-methods passed suite-Suite -->
                    </span>
                    <div class="method-list-content passed suite-Suite">
                      <span>
                        <img width="3%" src="passed.png"/>
                        <a href="#" class="method navigator-link" panel-name="suite-Suite" title="tests.QCStore" hash-for-method="Achdeposit">Achdeposit</a> <!-- method navigator-link -->
                      </span>
                      <br/>
                      <span>
                        <img width="3%" src="passed.png"/>
                        <a href="#" class="method navigator-link" panel-name="suite-Suite" title="tests.QCStore" hash-for-method="agerescindtest">agerescindtest</a> <!-- method navigator-link -->
                      </span>
                      <br/>
                      <span>
                        <img width="3%" src="passed.png"/>
                        <a href="#" class="method navigator-link" panel-name="suite-Suite" title="tests.QCStore" hash-for-method="borrowregNewloan">borrowregNewloan</a> <!-- method navigator-link -->
                      </span>
                      <br/>
                      <span>
                        <img width="3%" src="passed.png"/>
                        <a href="#" class="method navigator-link" panel-name="suite-Suite" title="tests.QCStore" hash-for-method="futureMidayDeposit">futureMidayDeposit</a> <!-- method navigator-link -->
                      </span>
                      <br/>
                      <span>
                        <img width="3%" src="passed.png"/>
                        <a href="#" class="method navigator-link" panel-name="suite-Suite" title="tests.QCStore" hash-for-method="inactiveNewloan">inactiveNewloan</a> <!-- method navigator-link -->
                      </span>
                      <br/>
                      <span>
                        <img width="3%" src="passed.png"/>
                        <a href="#" class="method navigator-link" panel-name="suite-Suite" title="tests.QCStore" hash-for-method="middayDeposit">middayDeposit</a> <!-- method navigator-link -->
                      </span>
                      <br/>
                      <span>
                        <img width="3%" src="passed.png"/>
                        <a href="#" class="method navigator-link" panel-name="suite-Suite" title="tests.QCStore" hash-for-method="rescindloan">rescindloan</a> <!-- method navigator-link -->
                      </span>
                      <br/>
>>>>>>> anoop1.1
                    </div> <!-- method-list-content passed suite-Suite -->
                  </li>
                </ul>
              </div> <!-- suite-section-content -->
            </div> <!-- result-section -->
          </div> <!-- navigator-suite-content -->
        </div> <!-- rounded-window -->
      </div> <!-- suite -->
    </div> <!-- navigator-root -->
    <div class="wrapper">
      <div class="main-panel-root">
        <div panel-name="suite-Suite" class="panel Suite">
          <div class="suite-Suite-class-passed">
            <div class="main-panel-header rounded-window-top">
              <img src="passed.png"/>
              <span class="class-name">tests.QCStore</span>
            </div> <!-- main-panel-header rounded-window-top -->
            <div class="main-panel-content rounded-window-bottom">
              <div class="method">
                <div class="method-content">
<<<<<<< HEAD
                  <a name="JQC_PartialWORecovery_FullWORecovery_Void_Txn_Testdata">
                  </a> <!-- JQC_PartialWORecovery_FullWORecovery_Void_Txn_Testdata -->
                  <span class="method-name">JQC_PartialWORecovery_FullWORecovery_Void_Txn_Testdata</span>
                </div> <!-- method-content -->
              </div> <!-- method -->
=======
                  <a name="AQC_EPPDeposit">
                  </a> <!-- AQC_EPPDeposit -->
                  <span class="method-name">AQC_EPPDeposit</span>
                  <div class="stack-trace">org.openqa.selenium.NoSuchElementException: Unable to find element with name == paymentPlanFreq (WARNING: The server did not provide any stacktrace information)
Command duration or timeout: 0 milliseconds
For documentation on this error, please visit: http://seleniumhq.org/exceptions/no_such_element.html
Build info: version: &apos;3.14.0&apos;, revision: &apos;aacccce0&apos;, time: &apos;2018-08-02T20:19:58.91Z&apos;
System info: host: &apos;QTLSYS2-48&apos;, ip: &apos;192.168.2.48&apos;, os.name: &apos;Windows 7&apos;, os.arch: &apos;amd64&apos;, os.version: &apos;6.1&apos;, java.version: &apos;1.8.0_171&apos;
Driver info: org.openqa.selenium.ie.InternetExplorerDriver
Capabilities {browserAttachTimeout: 0, browserName: internet explorer, cssSelectorsEnabled: true, elementScrollBehavior: 0, enableElementCacheCleanup: true, enablePersistentHover: true, handlesAlerts: true, ie.browserCommandLineSwitches: , ie.ensureCleanSession: false, ie.forceCreateProcessApi: false, ie.usePerProcessProxy: false, ignoreProtectedModeSettings: false, ignoreZoomSetting: false, initialBrowserUrl: http://localhost:25597/, javascriptEnabled: true, nativeEvents: true, platform: WINDOWS, platformName: WINDOWS, requireWindowFocus: false, takesScreenshot: true, unexpectedAlertBehaviour: dismiss, unhandledPromptBehavior: dismiss, version: 11}
Session ID: bd51b247-a734-45e1-8de6-ce9c7a5d05cc
*** Element info: {Using=name, value=paymentPlanFreq}
	at org.openqa.selenium.remote.ErrorHandler.createThrowable(ErrorHandler.java:214)
	at org.openqa.selenium.remote.ErrorHandler.throwIfResponseFailed(ErrorHandler.java:166)
	at org.openqa.selenium.remote.http.JsonHttpResponseCodec.reconstructValue(JsonHttpResponseCodec.java:40)
	at org.openqa.selenium.remote.http.AbstractHttpResponseCodec.decode(AbstractHttpResponseCodec.java:80)
	at org.openqa.selenium.remote.http.AbstractHttpResponseCodec.decode(AbstractHttpResponseCodec.java:44)
	at org.openqa.selenium.remote.HttpCommandExecutor.execute(HttpCommandExecutor.java:158)
	at org.openqa.selenium.remote.service.DriverCommandExecutor.execute(DriverCommandExecutor.java:83)
	at org.openqa.selenium.remote.RemoteWebDriver.execute(RemoteWebDriver.java:548)
	at org.openqa.selenium.remote.RemoteWebDriver.findElement(RemoteWebDriver.java:322)
	at org.openqa.selenium.remote.RemoteWebDriver.findElementByName(RemoteWebDriver.java:400)
	at org.openqa.selenium.By$ByName.findElement(By.java:284)
	at org.openqa.selenium.remote.RemoteWebDriver.findElement(RemoteWebDriver.java:314)
	at tests.AQcEPP.epp(AQcEPP.java:98)
	at tests.QCStore.AQC_EPPDeposit(QCStore.java:2086)
... Removed 29 stack frames
</div> <!-- stack-trace -->
                </div> <!-- method-content -->
              </div> <!-- method -->
              <div class="method">
                <div class="method-content">
                  <a name="AQC_EPP_Prepayment">
                  </a> <!-- AQC_EPP_Prepayment -->
                  <span class="method-name">AQC_EPP_Prepayment</span>
                  <div class="stack-trace">org.openqa.selenium.NoSuchElementException: Unable to find element with name == paymentPlanFreq (WARNING: The server did not provide any stacktrace information)
Command duration or timeout: 0 milliseconds
For documentation on this error, please visit: http://seleniumhq.org/exceptions/no_such_element.html
Build info: version: &apos;3.14.0&apos;, revision: &apos;aacccce0&apos;, time: &apos;2018-08-02T20:19:58.91Z&apos;
System info: host: &apos;QTLSYS2-48&apos;, ip: &apos;192.168.2.48&apos;, os.name: &apos;Windows 7&apos;, os.arch: &apos;amd64&apos;, os.version: &apos;6.1&apos;, java.version: &apos;1.8.0_171&apos;
Driver info: org.openqa.selenium.ie.InternetExplorerDriver
Capabilities {browserAttachTimeout: 0, browserName: internet explorer, cssSelectorsEnabled: true, elementScrollBehavior: 0, enableElementCacheCleanup: true, enablePersistentHover: true, handlesAlerts: true, ie.browserCommandLineSwitches: , ie.ensureCleanSession: false, ie.forceCreateProcessApi: false, ie.usePerProcessProxy: false, ignoreProtectedModeSettings: false, ignoreZoomSetting: false, initialBrowserUrl: http://localhost:28933/, javascriptEnabled: true, nativeEvents: true, platform: WINDOWS, platformName: WINDOWS, requireWindowFocus: false, takesScreenshot: true, unexpectedAlertBehaviour: dismiss, unhandledPromptBehavior: dismiss, version: 11}
Session ID: b4273a9a-490f-4eac-8632-333493f8ad7d
*** Element info: {Using=name, value=paymentPlanFreq}
	at org.openqa.selenium.remote.ErrorHandler.createThrowable(ErrorHandler.java:214)
	at org.openqa.selenium.remote.ErrorHandler.throwIfResponseFailed(ErrorHandler.java:166)
	at org.openqa.selenium.remote.http.JsonHttpResponseCodec.reconstructValue(JsonHttpResponseCodec.java:40)
	at org.openqa.selenium.remote.http.AbstractHttpResponseCodec.decode(AbstractHttpResponseCodec.java:80)
	at org.openqa.selenium.remote.http.AbstractHttpResponseCodec.decode(AbstractHttpResponseCodec.java:44)
	at org.openqa.selenium.remote.HttpCommandExecutor.execute(HttpCommandExecutor.java:158)
	at org.openqa.selenium.remote.service.DriverCommandExecutor.execute(DriverCommandExecutor.java:83)
	at org.openqa.selenium.remote.RemoteWebDriver.execute(RemoteWebDriver.java:548)
	at org.openqa.selenium.remote.RemoteWebDriver.findElement(RemoteWebDriver.java:322)
	at org.openqa.selenium.remote.RemoteWebDriver.findElementByName(RemoteWebDriver.java:400)
	at org.openqa.selenium.By$ByName.findElement(By.java:284)
	at org.openqa.selenium.remote.RemoteWebDriver.findElement(RemoteWebDriver.java:314)
	at tests.AQcEPP.epp(AQcEPP.java:98)
	at tests.QCStore.AQC_EPP_Prepayment(QCStore.java:2038)
... Removed 29 stack frames
</div> <!-- stack-trace -->
                </div> <!-- method-content -->
              </div> <!-- method -->
              <div class="method">
                <div class="method-content">
                  <a name="AQC_EPP_Redeposit">
                  </a> <!-- AQC_EPP_Redeposit -->
                  <span class="method-name">AQC_EPP_Redeposit</span>
                  <div class="stack-trace">org.openqa.selenium.NoSuchElementException: Unable to find element with name == paymentPlanFreq (WARNING: The server did not provide any stacktrace information)
Command duration or timeout: 0 milliseconds
For documentation on this error, please visit: http://seleniumhq.org/exceptions/no_such_element.html
Build info: version: &apos;3.14.0&apos;, revision: &apos;aacccce0&apos;, time: &apos;2018-08-02T20:19:58.91Z&apos;
System info: host: &apos;QTLSYS2-48&apos;, ip: &apos;192.168.2.48&apos;, os.name: &apos;Windows 7&apos;, os.arch: &apos;amd64&apos;, os.version: &apos;6.1&apos;, java.version: &apos;1.8.0_171&apos;
Driver info: org.openqa.selenium.ie.InternetExplorerDriver
Capabilities {browserAttachTimeout: 0, browserName: internet explorer, cssSelectorsEnabled: true, elementScrollBehavior: 0, enableElementCacheCleanup: true, enablePersistentHover: true, handlesAlerts: true, ie.browserCommandLineSwitches: , ie.ensureCleanSession: false, ie.forceCreateProcessApi: false, ie.usePerProcessProxy: false, ignoreProtectedModeSettings: false, ignoreZoomSetting: false, initialBrowserUrl: http://localhost:19400/, javascriptEnabled: true, nativeEvents: true, platform: WINDOWS, platformName: WINDOWS, requireWindowFocus: false, takesScreenshot: true, unexpectedAlertBehaviour: dismiss, unhandledPromptBehavior: dismiss, version: 11}
Session ID: aa535e9f-1669-4625-8da5-1faeaaf8800b
*** Element info: {Using=name, value=paymentPlanFreq}
	at org.openqa.selenium.remote.ErrorHandler.createThrowable(ErrorHandler.java:214)
	at org.openqa.selenium.remote.ErrorHandler.throwIfResponseFailed(ErrorHandler.java:166)
	at org.openqa.selenium.remote.http.JsonHttpResponseCodec.reconstructValue(JsonHttpResponseCodec.java:40)
	at org.openqa.selenium.remote.http.AbstractHttpResponseCodec.decode(AbstractHttpResponseCodec.java:80)
	at org.openqa.selenium.remote.http.AbstractHttpResponseCodec.decode(AbstractHttpResponseCodec.java:44)
	at org.openqa.selenium.remote.HttpCommandExecutor.execute(HttpCommandExecutor.java:158)
	at org.openqa.selenium.remote.service.DriverCommandExecutor.execute(DriverCommandExecutor.java:83)
	at org.openqa.selenium.remote.RemoteWebDriver.execute(RemoteWebDriver.java:548)
	at org.openqa.selenium.remote.RemoteWebDriver.findElement(RemoteWebDriver.java:322)
	at org.openqa.selenium.remote.RemoteWebDriver.findElementByName(RemoteWebDriver.java:400)
	at org.openqa.selenium.By$ByName.findElement(By.java:284)
	at org.openqa.selenium.remote.RemoteWebDriver.findElement(RemoteWebDriver.java:314)
	at tests.AQcEPP.epp(AQcEPP.java:98)
	at tests.QCStore.AQC_EPP_Redeposit(QCStore.java:1756)
... Removed 28 stack frames
</div> <!-- stack-trace -->
                </div> <!-- method-content -->
              </div> <!-- method -->
              <div class="method">
                <div class="method-content">
                  <a name="AQC_EPP_Return">
                  </a> <!-- AQC_EPP_Return -->
                  <span class="method-name">AQC_EPP_Return</span>
                  <div class="stack-trace">org.openqa.selenium.NoSuchElementException: Unable to find element with name == paymentPlanFreq (WARNING: The server did not provide any stacktrace information)
Command duration or timeout: 0 milliseconds
For documentation on this error, please visit: http://seleniumhq.org/exceptions/no_such_element.html
Build info: version: &apos;3.14.0&apos;, revision: &apos;aacccce0&apos;, time: &apos;2018-08-02T20:19:58.91Z&apos;
System info: host: &apos;QTLSYS2-48&apos;, ip: &apos;192.168.2.48&apos;, os.name: &apos;Windows 7&apos;, os.arch: &apos;amd64&apos;, os.version: &apos;6.1&apos;, java.version: &apos;1.8.0_171&apos;
Driver info: org.openqa.selenium.ie.InternetExplorerDriver
Capabilities {browserAttachTimeout: 0, browserName: internet explorer, cssSelectorsEnabled: true, elementScrollBehavior: 0, enableElementCacheCleanup: true, enablePersistentHover: true, handlesAlerts: true, ie.browserCommandLineSwitches: , ie.ensureCleanSession: false, ie.forceCreateProcessApi: false, ie.usePerProcessProxy: false, ignoreProtectedModeSettings: false, ignoreZoomSetting: false, initialBrowserUrl: http://localhost:12139/, javascriptEnabled: true, nativeEvents: true, platform: WINDOWS, platformName: WINDOWS, requireWindowFocus: false, takesScreenshot: true, unexpectedAlertBehaviour: dismiss, unhandledPromptBehavior: dismiss, version: 11}
Session ID: c0f06d7e-2645-45ca-b493-5f29cfd98384
*** Element info: {Using=name, value=paymentPlanFreq}
	at org.openqa.selenium.remote.ErrorHandler.createThrowable(ErrorHandler.java:214)
	at org.openqa.selenium.remote.ErrorHandler.throwIfResponseFailed(ErrorHandler.java:166)
	at org.openqa.selenium.remote.http.JsonHttpResponseCodec.reconstructValue(JsonHttpResponseCodec.java:40)
	at org.openqa.selenium.remote.http.AbstractHttpResponseCodec.decode(AbstractHttpResponseCodec.java:80)
	at org.openqa.selenium.remote.http.AbstractHttpResponseCodec.decode(AbstractHttpResponseCodec.java:44)
	at org.openqa.selenium.remote.HttpCommandExecutor.execute(HttpCommandExecutor.java:158)
	at org.openqa.selenium.remote.service.DriverCommandExecutor.execute(DriverCommandExecutor.java:83)
	at org.openqa.selenium.remote.RemoteWebDriver.execute(RemoteWebDriver.java:548)
	at org.openqa.selenium.remote.RemoteWebDriver.findElement(RemoteWebDriver.java:322)
	at org.openqa.selenium.remote.RemoteWebDriver.findElementByName(RemoteWebDriver.java:400)
	at org.openqa.selenium.By$ByName.findElement(By.java:284)
	at org.openqa.selenium.remote.RemoteWebDriver.findElement(RemoteWebDriver.java:314)
	at tests.AQcEPP.epp(AQcEPP.java:98)
	at tests.QCStore.AQC_EPP_Return(QCStore.java:1872)
... Removed 29 stack frames
</div> <!-- stack-trace -->
                </div> <!-- method-content -->
              </div> <!-- method -->
              <div class="method">
                <div class="method-content">
                  <a name="AQC_EPP_clear">
                  </a> <!-- AQC_EPP_clear -->
                  <span class="method-name">AQC_EPP_clear</span>
                  <div class="stack-trace">org.openqa.selenium.NoSuchElementException: Unable to find element with name == paymentPlanFreq (WARNING: The server did not provide any stacktrace information)
Command duration or timeout: 0 milliseconds
For documentation on this error, please visit: http://seleniumhq.org/exceptions/no_such_element.html
Build info: version: &apos;3.14.0&apos;, revision: &apos;aacccce0&apos;, time: &apos;2018-08-02T20:19:58.91Z&apos;
System info: host: &apos;QTLSYS2-48&apos;, ip: &apos;192.168.2.48&apos;, os.name: &apos;Windows 7&apos;, os.arch: &apos;amd64&apos;, os.version: &apos;6.1&apos;, java.version: &apos;1.8.0_171&apos;
Driver info: org.openqa.selenium.ie.InternetExplorerDriver
Capabilities {browserAttachTimeout: 0, browserName: internet explorer, cssSelectorsEnabled: true, elementScrollBehavior: 0, enableElementCacheCleanup: true, enablePersistentHover: true, handlesAlerts: true, ie.browserCommandLineSwitches: , ie.ensureCleanSession: false, ie.forceCreateProcessApi: false, ie.usePerProcessProxy: false, ignoreProtectedModeSettings: false, ignoreZoomSetting: false, initialBrowserUrl: http://localhost:29023/, javascriptEnabled: true, nativeEvents: true, platform: WINDOWS, platformName: WINDOWS, requireWindowFocus: false, takesScreenshot: true, unexpectedAlertBehaviour: dismiss, unhandledPromptBehavior: dismiss, version: 11}
Session ID: c6c31df1-7303-4972-a92f-76b78b5d51cd
*** Element info: {Using=name, value=paymentPlanFreq}
	at org.openqa.selenium.remote.ErrorHandler.createThrowable(ErrorHandler.java:214)
	at org.openqa.selenium.remote.ErrorHandler.throwIfResponseFailed(ErrorHandler.java:166)
	at org.openqa.selenium.remote.http.JsonHttpResponseCodec.reconstructValue(JsonHttpResponseCodec.java:40)
	at org.openqa.selenium.remote.http.AbstractHttpResponseCodec.decode(AbstractHttpResponseCodec.java:80)
	at org.openqa.selenium.remote.http.AbstractHttpResponseCodec.decode(AbstractHttpResponseCodec.java:44)
	at org.openqa.selenium.remote.HttpCommandExecutor.execute(HttpCommandExecutor.java:158)
	at org.openqa.selenium.remote.service.DriverCommandExecutor.execute(DriverCommandExecutor.java:83)
	at org.openqa.selenium.remote.RemoteWebDriver.execute(RemoteWebDriver.java:548)
	at org.openqa.selenium.remote.RemoteWebDriver.findElement(RemoteWebDriver.java:322)
	at org.openqa.selenium.remote.RemoteWebDriver.findElementByName(RemoteWebDriver.java:400)
	at org.openqa.selenium.By$ByName.findElement(By.java:284)
	at org.openqa.selenium.remote.RemoteWebDriver.findElement(RemoteWebDriver.java:314)
	at tests.AQcEPP.epp(AQcEPP.java:98)
	at tests.QCStore.AQC_EPP_clear(QCStore.java:1990)
... Removed 29 stack frames
</div> <!-- stack-trace -->
                </div> <!-- method-content -->
              </div> <!-- method -->
              <div class="method">
                <div class="method-content">
                  <a name="AQC_EPP_nsfPayment">
                  </a> <!-- AQC_EPP_nsfPayment -->
                  <span class="method-name">AQC_EPP_nsfPayment</span>
                  <div class="stack-trace">org.openqa.selenium.NoSuchElementException: Unable to find element with name == paymentPlanFreq (WARNING: The server did not provide any stacktrace information)
Command duration or timeout: 0 milliseconds
For documentation on this error, please visit: http://seleniumhq.org/exceptions/no_such_element.html
Build info: version: &apos;3.14.0&apos;, revision: &apos;aacccce0&apos;, time: &apos;2018-08-02T20:19:58.91Z&apos;
System info: host: &apos;QTLSYS2-48&apos;, ip: &apos;192.168.2.48&apos;, os.name: &apos;Windows 7&apos;, os.arch: &apos;amd64&apos;, os.version: &apos;6.1&apos;, java.version: &apos;1.8.0_171&apos;
Driver info: org.openqa.selenium.ie.InternetExplorerDriver
Capabilities {browserAttachTimeout: 0, browserName: internet explorer, cssSelectorsEnabled: true, elementScrollBehavior: 0, enableElementCacheCleanup: true, enablePersistentHover: true, handlesAlerts: true, ie.browserCommandLineSwitches: , ie.ensureCleanSession: false, ie.forceCreateProcessApi: false, ie.usePerProcessProxy: false, ignoreProtectedModeSettings: false, ignoreZoomSetting: false, initialBrowserUrl: http://localhost:27379/, javascriptEnabled: true, nativeEvents: true, platform: WINDOWS, platformName: WINDOWS, requireWindowFocus: false, takesScreenshot: true, unexpectedAlertBehaviour: dismiss, unhandledPromptBehavior: dismiss, version: 11}
Session ID: 1adaa6bb-2bf0-484d-a355-1b61c1286ef1
*** Element info: {Using=name, value=paymentPlanFreq}
	at org.openqa.selenium.remote.ErrorHandler.createThrowable(ErrorHandler.java:214)
	at org.openqa.selenium.remote.ErrorHandler.throwIfResponseFailed(ErrorHandler.java:166)
	at org.openqa.selenium.remote.http.JsonHttpResponseCodec.reconstructValue(JsonHttpResponseCodec.java:40)
	at org.openqa.selenium.remote.http.AbstractHttpResponseCodec.decode(AbstractHttpResponseCodec.java:80)
	at org.openqa.selenium.remote.http.AbstractHttpResponseCodec.decode(AbstractHttpResponseCodec.java:44)
	at org.openqa.selenium.remote.HttpCommandExecutor.execute(HttpCommandExecutor.java:158)
	at org.openqa.selenium.remote.service.DriverCommandExecutor.execute(DriverCommandExecutor.java:83)
	at org.openqa.selenium.remote.RemoteWebDriver.execute(RemoteWebDriver.java:548)
	at org.openqa.selenium.remote.RemoteWebDriver.findElement(RemoteWebDriver.java:322)
	at org.openqa.selenium.remote.RemoteWebDriver.findElementByName(RemoteWebDriver.java:400)
	at org.openqa.selenium.By$ByName.findElement(By.java:284)
	at org.openqa.selenium.remote.RemoteWebDriver.findElement(RemoteWebDriver.java:314)
	at tests.AQcEPP.epp(AQcEPP.java:98)
	at tests.QCStore.AQC_EPP_nsfPayment(QCStore.java:1814)
... Removed 29 stack frames
</div> <!-- stack-trace -->
                </div> <!-- method-content -->
              </div> <!-- method -->
              <div class="method">
                <div class="method-content">
                  <a name="AQC_EPP_refund">
                  </a> <!-- AQC_EPP_refund -->
                  <span class="method-name">AQC_EPP_refund</span>
                  <div class="stack-trace">org.openqa.selenium.NoSuchElementException: Unable to find element with name == paymentPlanFreq (WARNING: The server did not provide any stacktrace information)
Command duration or timeout: 0 milliseconds
For documentation on this error, please visit: http://seleniumhq.org/exceptions/no_such_element.html
Build info: version: &apos;3.14.0&apos;, revision: &apos;aacccce0&apos;, time: &apos;2018-08-02T20:19:58.91Z&apos;
System info: host: &apos;QTLSYS2-48&apos;, ip: &apos;192.168.2.48&apos;, os.name: &apos;Windows 7&apos;, os.arch: &apos;amd64&apos;, os.version: &apos;6.1&apos;, java.version: &apos;1.8.0_171&apos;
Driver info: org.openqa.selenium.ie.InternetExplorerDriver
Capabilities {browserAttachTimeout: 0, browserName: internet explorer, cssSelectorsEnabled: true, elementScrollBehavior: 0, enableElementCacheCleanup: true, enablePersistentHover: true, handlesAlerts: true, ie.browserCommandLineSwitches: , ie.ensureCleanSession: false, ie.forceCreateProcessApi: false, ie.usePerProcessProxy: false, ignoreProtectedModeSettings: false, ignoreZoomSetting: false, initialBrowserUrl: http://localhost:37690/, javascriptEnabled: true, nativeEvents: true, platform: WINDOWS, platformName: WINDOWS, requireWindowFocus: false, takesScreenshot: true, unexpectedAlertBehaviour: dismiss, unhandledPromptBehavior: dismiss, version: 11}
Session ID: 0311552c-4a28-4d3c-bee2-74afb672683b
*** Element info: {Using=name, value=paymentPlanFreq}
	at org.openqa.selenium.remote.ErrorHandler.createThrowable(ErrorHandler.java:214)
	at org.openqa.selenium.remote.ErrorHandler.throwIfResponseFailed(ErrorHandler.java:166)
	at org.openqa.selenium.remote.http.JsonHttpResponseCodec.reconstructValue(JsonHttpResponseCodec.java:40)
	at org.openqa.selenium.remote.http.AbstractHttpResponseCodec.decode(AbstractHttpResponseCodec.java:80)
	at org.openqa.selenium.remote.http.AbstractHttpResponseCodec.decode(AbstractHttpResponseCodec.java:44)
	at org.openqa.selenium.remote.HttpCommandExecutor.execute(HttpCommandExecutor.java:158)
	at org.openqa.selenium.remote.service.DriverCommandExecutor.execute(DriverCommandExecutor.java:83)
	at org.openqa.selenium.remote.RemoteWebDriver.execute(RemoteWebDriver.java:548)
	at org.openqa.selenium.remote.RemoteWebDriver.findElement(RemoteWebDriver.java:322)
	at org.openqa.selenium.remote.RemoteWebDriver.findElementByName(RemoteWebDriver.java:400)
	at org.openqa.selenium.By$ByName.findElement(By.java:284)
	at org.openqa.selenium.remote.RemoteWebDriver.findElement(RemoteWebDriver.java:314)
	at tests.AQcEPP.epp(AQcEPP.java:98)
	at tests.QCStore.AQC_EPP_refund(QCStore.java:1930)
... Removed 29 stack frames
</div> <!-- stack-trace -->
                </div> <!-- method-content -->
              </div> <!-- method -->
              <div class="method">
                <div class="method-content">
                  <a name="GracedaysDepositMenu">
                  </a> <!-- GracedaysDepositMenu -->
                  <span class="method-name">GracedaysDepositMenu</span>
                  <div class="stack-trace">org.openqa.selenium.NoSuchElementException: Unable to find element with name == requestBean.chkName (WARNING: The server did not provide any stacktrace information)
Command duration or timeout: 0 milliseconds
For documentation on this error, please visit: http://seleniumhq.org/exceptions/no_such_element.html
Build info: version: &apos;3.14.0&apos;, revision: &apos;aacccce0&apos;, time: &apos;2018-08-02T20:19:58.91Z&apos;
System info: host: &apos;QTLSYS2-48&apos;, ip: &apos;192.168.2.48&apos;, os.name: &apos;Windows 7&apos;, os.arch: &apos;amd64&apos;, os.version: &apos;6.1&apos;, java.version: &apos;1.8.0_171&apos;
Driver info: org.openqa.selenium.ie.InternetExplorerDriver
Capabilities {browserAttachTimeout: 0, browserName: internet explorer, cssSelectorsEnabled: true, elementScrollBehavior: 0, enableElementCacheCleanup: true, enablePersistentHover: true, handlesAlerts: true, ie.browserCommandLineSwitches: , ie.ensureCleanSession: false, ie.forceCreateProcessApi: false, ie.usePerProcessProxy: false, ignoreProtectedModeSettings: false, ignoreZoomSetting: false, initialBrowserUrl: http://localhost:40658/, javascriptEnabled: true, nativeEvents: true, platform: WINDOWS, platformName: WINDOWS, requireWindowFocus: false, takesScreenshot: true, unexpectedAlertBehaviour: dismiss, unhandledPromptBehavior: dismiss, version: 11}
Session ID: dea638e8-7109-4a8e-8c00-7b559ef9c7af
*** Element info: {Using=name, value=requestBean.chkName}
	at org.openqa.selenium.remote.ErrorHandler.createThrowable(ErrorHandler.java:214)
	at org.openqa.selenium.remote.ErrorHandler.throwIfResponseFailed(ErrorHandler.java:166)
	at org.openqa.selenium.remote.http.JsonHttpResponseCodec.reconstructValue(JsonHttpResponseCodec.java:40)
	at org.openqa.selenium.remote.http.AbstractHttpResponseCodec.decode(AbstractHttpResponseCodec.java:80)
	at org.openqa.selenium.remote.http.AbstractHttpResponseCodec.decode(AbstractHttpResponseCodec.java:44)
	at org.openqa.selenium.remote.HttpCommandExecutor.execute(HttpCommandExecutor.java:158)
	at org.openqa.selenium.remote.service.DriverCommandExecutor.execute(DriverCommandExecutor.java:83)
	at org.openqa.selenium.remote.RemoteWebDriver.execute(RemoteWebDriver.java:548)
	at org.openqa.selenium.remote.RemoteWebDriver.findElement(RemoteWebDriver.java:322)
	at org.openqa.selenium.remote.RemoteWebDriver.findElementByName(RemoteWebDriver.java:400)
	at org.openqa.selenium.By$ByName.findElement(By.java:284)
	at org.openqa.selenium.remote.RemoteWebDriver.findElement(RemoteWebDriver.java:314)
	at tests.AQC_CSRDepositMenu.depositMenu(AQC_CSRDepositMenu.java:151)
	at tests.QCStore.GracedaysDepositMenu(QCStore.java:2436)
... Removed 29 stack frames
</div> <!-- stack-trace -->
                </div> <!-- method-content -->
              </div> <!-- method -->
              <div class="method">
                <div class="method-content">
                  <a name="GracedaysMiddayDeposit">
                  </a> <!-- GracedaysMiddayDeposit -->
                  <span class="method-name">GracedaysMiddayDeposit</span>
                  <div class="stack-trace">org.openqa.selenium.NoSuchElementException: Unable to find element with xpath == /html/body/form/table/tbody/tr/td/table/tbody/tr[1]/td/table/tbody/tr[2]/td/table/tbody/tr/td/table/tbody/tr[3]/td/table/tbody/tr[4]/td[2] (WARNING: The server did not provide any stacktrace information)
Command duration or timeout: 0 milliseconds
For documentation on this error, please visit: http://seleniumhq.org/exceptions/no_such_element.html
Build info: version: &apos;3.14.0&apos;, revision: &apos;aacccce0&apos;, time: &apos;2018-08-02T20:19:58.91Z&apos;
System info: host: &apos;QTLSYS2-48&apos;, ip: &apos;192.168.2.48&apos;, os.name: &apos;Windows 7&apos;, os.arch: &apos;amd64&apos;, os.version: &apos;6.1&apos;, java.version: &apos;1.8.0_171&apos;
Driver info: org.openqa.selenium.ie.InternetExplorerDriver
Capabilities {browserAttachTimeout: 0, browserName: internet explorer, cssSelectorsEnabled: true, elementScrollBehavior: 0, enableElementCacheCleanup: true, enablePersistentHover: true, handlesAlerts: true, ie.browserCommandLineSwitches: , ie.ensureCleanSession: false, ie.forceCreateProcessApi: false, ie.usePerProcessProxy: false, ignoreProtectedModeSettings: false, ignoreZoomSetting: false, initialBrowserUrl: http://localhost:17665/, javascriptEnabled: true, nativeEvents: true, platform: WINDOWS, platformName: WINDOWS, requireWindowFocus: false, takesScreenshot: true, unexpectedAlertBehaviour: dismiss, unhandledPromptBehavior: dismiss, version: 11}
Session ID: e296ded5-6579-4d1e-93a2-7d757bb25a03
*** Element info: {Using=xpath, value=/html/body/form/table/tbody/tr/td/table/tbody/tr[1]/td/table/tbody/tr[2]/td/table/tbody/tr/td/table/tbody/tr[3]/td/table/tbody/tr[4]/td[2]}
	at org.openqa.selenium.remote.ErrorHandler.createThrowable(ErrorHandler.java:214)
	at org.openqa.selenium.remote.ErrorHandler.throwIfResponseFailed(ErrorHandler.java:166)
	at org.openqa.selenium.remote.http.JsonHttpResponseCodec.reconstructValue(JsonHttpResponseCodec.java:40)
	at org.openqa.selenium.remote.http.AbstractHttpResponseCodec.decode(AbstractHttpResponseCodec.java:80)
	at org.openqa.selenium.remote.http.AbstractHttpResponseCodec.decode(AbstractHttpResponseCodec.java:44)
	at org.openqa.selenium.remote.HttpCommandExecutor.execute(HttpCommandExecutor.java:158)
	at org.openqa.selenium.remote.service.DriverCommandExecutor.execute(DriverCommandExecutor.java:83)
	at org.openqa.selenium.remote.RemoteWebDriver.execute(RemoteWebDriver.java:548)
	at org.openqa.selenium.remote.RemoteWebDriver.findElement(RemoteWebDriver.java:322)
	at org.openqa.selenium.remote.RemoteWebDriver.findElementByXPath(RemoteWebDriver.java:424)
	at org.openqa.selenium.By$ByXPath.findElement(By.java:353)
	at org.openqa.selenium.remote.RemoteWebDriver.findElement(RemoteWebDriver.java:314)
	at tests.ACSRMidDayDeposit.middeposit(ACSRMidDayDeposit.java:39)
	at tests.QCStore.GracedaysMiddayDeposit(QCStore.java:2396)
... Removed 29 stack frames
</div> <!-- stack-trace -->
                </div> <!-- method-content -->
              </div> <!-- method -->
              <div class="method">
                <div class="method-content">
                  <a name="RefinanceStepSame">
                  </a> <!-- RefinanceStepSame -->
                  <span class="method-name">RefinanceStepSame</span>
                  <div class="stack-trace">org.openqa.selenium.NoSuchElementException: Unable to find element with xpath == //*[@id=&apos;transactionHistoryTable&apos;]/tbody/tr/td[3]/table/tbody/tr[15]/td/span[2] (WARNING: The server did not provide any stacktrace information)
Command duration or timeout: 0 milliseconds
For documentation on this error, please visit: http://seleniumhq.org/exceptions/no_such_element.html
Build info: version: &apos;3.14.0&apos;, revision: &apos;aacccce0&apos;, time: &apos;2018-08-02T20:19:58.91Z&apos;
System info: host: &apos;QTLSYS2-48&apos;, ip: &apos;192.168.2.48&apos;, os.name: &apos;Windows 7&apos;, os.arch: &apos;amd64&apos;, os.version: &apos;6.1&apos;, java.version: &apos;1.8.0_171&apos;
Driver info: org.openqa.selenium.ie.InternetExplorerDriver
Capabilities {browserAttachTimeout: 0, browserName: internet explorer, cssSelectorsEnabled: true, elementScrollBehavior: 0, enableElementCacheCleanup: true, enablePersistentHover: true, handlesAlerts: true, ie.browserCommandLineSwitches: , ie.ensureCleanSession: false, ie.forceCreateProcessApi: false, ie.usePerProcessProxy: false, ignoreProtectedModeSettings: false, ignoreZoomSetting: false, initialBrowserUrl: http://localhost:29793/, javascriptEnabled: true, nativeEvents: true, platform: WINDOWS, platformName: WINDOWS, requireWindowFocus: false, takesScreenshot: true, unexpectedAlertBehaviour: dismiss, unhandledPromptBehavior: dismiss, version: 11}
Session ID: 11f87986-c5a8-46b2-ba9d-304257f7662e
*** Element info: {Using=xpath, value=//*[@id=&apos;transactionHistoryTable&apos;]/tbody/tr/td[3]/table/tbody/tr[15]/td/span[2]}
	at org.openqa.selenium.remote.ErrorHandler.createThrowable(ErrorHandler.java:214)
	at org.openqa.selenium.remote.ErrorHandler.throwIfResponseFailed(ErrorHandler.java:166)
	at org.openqa.selenium.remote.http.JsonHttpResponseCodec.reconstructValue(JsonHttpResponseCodec.java:40)
	at org.openqa.selenium.remote.http.AbstractHttpResponseCodec.decode(AbstractHttpResponseCodec.java:80)
	at org.openqa.selenium.remote.http.AbstractHttpResponseCodec.decode(AbstractHttpResponseCodec.java:44)
	at org.openqa.selenium.remote.HttpCommandExecutor.execute(HttpCommandExecutor.java:158)
	at org.openqa.selenium.remote.service.DriverCommandExecutor.execute(DriverCommandExecutor.java:83)
	at org.openqa.selenium.remote.RemoteWebDriver.execute(RemoteWebDriver.java:548)
	at org.openqa.selenium.remote.RemoteWebDriver.findElement(RemoteWebDriver.java:322)
	at org.openqa.selenium.remote.RemoteWebDriver.findElementByXPath(RemoteWebDriver.java:424)
	at org.openqa.selenium.By$ByXPath.findElement(By.java:353)
	at org.openqa.selenium.remote.RemoteWebDriver.findElement(RemoteWebDriver.java:314)
	at tests.ARefinanceStepSame.StepSame(ARefinanceStepSame.java:93)
	at tests.QCStore.RefinanceStepSame(QCStore.java:2532)
... Removed 29 stack frames
</div> <!-- stack-trace -->
                </div> <!-- method-content -->
              </div> <!-- method -->
              <div class="method">
                <div class="method-content">
                  <a name="RefinanceStepSameVoid">
                  </a> <!-- RefinanceStepSameVoid -->
                  <span class="method-name">RefinanceStepSameVoid</span>
                  <div class="stack-trace">org.openqa.selenium.NoSuchElementException: Unable to find element with xpath == //*[@id=&apos;transactionHistoryTable&apos;]/tbody/tr/td[3]/table/tbody/tr[15]/td/span[2] (WARNING: The server did not provide any stacktrace information)
Command duration or timeout: 0 milliseconds
For documentation on this error, please visit: http://seleniumhq.org/exceptions/no_such_element.html
Build info: version: &apos;3.14.0&apos;, revision: &apos;aacccce0&apos;, time: &apos;2018-08-02T20:19:58.91Z&apos;
System info: host: &apos;QTLSYS2-48&apos;, ip: &apos;192.168.2.48&apos;, os.name: &apos;Windows 7&apos;, os.arch: &apos;amd64&apos;, os.version: &apos;6.1&apos;, java.version: &apos;1.8.0_171&apos;
Driver info: org.openqa.selenium.ie.InternetExplorerDriver
Capabilities {browserAttachTimeout: 0, browserName: internet explorer, cssSelectorsEnabled: true, elementScrollBehavior: 0, enableElementCacheCleanup: true, enablePersistentHover: true, handlesAlerts: true, ie.browserCommandLineSwitches: , ie.ensureCleanSession: false, ie.forceCreateProcessApi: false, ie.usePerProcessProxy: false, ignoreProtectedModeSettings: false, ignoreZoomSetting: false, initialBrowserUrl: http://localhost:44322/, javascriptEnabled: true, nativeEvents: true, platform: WINDOWS, platformName: WINDOWS, requireWindowFocus: false, takesScreenshot: true, unexpectedAlertBehaviour: dismiss, unhandledPromptBehavior: dismiss, version: 11}
Session ID: f59b266b-51aa-4400-ac86-1e03ccb43c5c
*** Element info: {Using=xpath, value=//*[@id=&apos;transactionHistoryTable&apos;]/tbody/tr/td[3]/table/tbody/tr[15]/td/span[2]}
	at org.openqa.selenium.remote.ErrorHandler.createThrowable(ErrorHandler.java:214)
	at org.openqa.selenium.remote.ErrorHandler.throwIfResponseFailed(ErrorHandler.java:166)
	at org.openqa.selenium.remote.http.JsonHttpResponseCodec.reconstructValue(JsonHttpResponseCodec.java:40)
	at org.openqa.selenium.remote.http.AbstractHttpResponseCodec.decode(AbstractHttpResponseCodec.java:80)
	at org.openqa.selenium.remote.http.AbstractHttpResponseCodec.decode(AbstractHttpResponseCodec.java:44)
	at org.openqa.selenium.remote.HttpCommandExecutor.execute(HttpCommandExecutor.java:158)
	at org.openqa.selenium.remote.service.DriverCommandExecutor.execute(DriverCommandExecutor.java:83)
	at org.openqa.selenium.remote.RemoteWebDriver.execute(RemoteWebDriver.java:548)
	at org.openqa.selenium.remote.RemoteWebDriver.findElement(RemoteWebDriver.java:322)
	at org.openqa.selenium.remote.RemoteWebDriver.findElementByXPath(RemoteWebDriver.java:424)
	at org.openqa.selenium.By$ByXPath.findElement(By.java:353)
	at org.openqa.selenium.remote.RemoteWebDriver.findElement(RemoteWebDriver.java:314)
	at tests.ARefinanceStepSame.StepSame(ARefinanceStepSame.java:93)
	at tests.QCStore.RefinanceStepSameVoid(QCStore.java:2625)
... Removed 29 stack frames
</div> <!-- stack-trace -->
                </div> <!-- method-content -->
              </div> <!-- method -->
              <div class="method">
                <div class="method-content">
                  <a name="RefinanceStepup">
                  </a> <!-- RefinanceStepup -->
                  <span class="method-name">RefinanceStepup</span>
                  <div class="stack-trace">org.openqa.selenium.NoSuchElementException: Unable to find element with xpath == //*[@id=&apos;transactionHistoryTable&apos;]/tbody/tr/td[3]/table/tbody/tr[15]/td/span[2] (WARNING: The server did not provide any stacktrace information)
Command duration or timeout: 0 milliseconds
For documentation on this error, please visit: http://seleniumhq.org/exceptions/no_such_element.html
Build info: version: &apos;3.14.0&apos;, revision: &apos;aacccce0&apos;, time: &apos;2018-08-02T20:19:58.91Z&apos;
System info: host: &apos;QTLSYS2-48&apos;, ip: &apos;192.168.2.48&apos;, os.name: &apos;Windows 7&apos;, os.arch: &apos;amd64&apos;, os.version: &apos;6.1&apos;, java.version: &apos;1.8.0_171&apos;
Driver info: org.openqa.selenium.ie.InternetExplorerDriver
Capabilities {browserAttachTimeout: 0, browserName: internet explorer, cssSelectorsEnabled: true, elementScrollBehavior: 0, enableElementCacheCleanup: true, enablePersistentHover: true, handlesAlerts: true, ie.browserCommandLineSwitches: , ie.ensureCleanSession: false, ie.forceCreateProcessApi: false, ie.usePerProcessProxy: false, ignoreProtectedModeSettings: false, ignoreZoomSetting: false, initialBrowserUrl: http://localhost:3725/, javascriptEnabled: true, nativeEvents: true, platform: WINDOWS, platformName: WINDOWS, requireWindowFocus: false, takesScreenshot: true, unexpectedAlertBehaviour: dismiss, unhandledPromptBehavior: dismiss, version: 11}
Session ID: 523fac6d-e081-4050-87e4-8026d771d98e
*** Element info: {Using=xpath, value=//*[@id=&apos;transactionHistoryTable&apos;]/tbody/tr/td[3]/table/tbody/tr[15]/td/span[2]}
	at org.openqa.selenium.remote.ErrorHandler.createThrowable(ErrorHandler.java:214)
	at org.openqa.selenium.remote.ErrorHandler.throwIfResponseFailed(ErrorHandler.java:166)
	at org.openqa.selenium.remote.http.JsonHttpResponseCodec.reconstructValue(JsonHttpResponseCodec.java:40)
	at org.openqa.selenium.remote.http.AbstractHttpResponseCodec.decode(AbstractHttpResponseCodec.java:80)
	at org.openqa.selenium.remote.http.AbstractHttpResponseCodec.decode(AbstractHttpResponseCodec.java:44)
	at org.openqa.selenium.remote.HttpCommandExecutor.execute(HttpCommandExecutor.java:158)
	at org.openqa.selenium.remote.service.DriverCommandExecutor.execute(DriverCommandExecutor.java:83)
	at org.openqa.selenium.remote.RemoteWebDriver.execute(RemoteWebDriver.java:548)
	at org.openqa.selenium.remote.RemoteWebDriver.findElement(RemoteWebDriver.java:322)
	at org.openqa.selenium.remote.RemoteWebDriver.findElementByXPath(RemoteWebDriver.java:424)
	at org.openqa.selenium.By$ByXPath.findElement(By.java:353)
	at org.openqa.selenium.remote.RemoteWebDriver.findElement(RemoteWebDriver.java:314)
	at tests.ARefinanceStepup.StepUp(ARefinanceStepup.java:100)
	at tests.QCStore.RefinanceStepup(QCStore.java:2485)
... Removed 29 stack frames
</div> <!-- stack-trace -->
                </div> <!-- method-content -->
              </div> <!-- method -->
              <div class="method">
                <div class="method-content">
                  <a name="RefinanceStepupVoid">
                  </a> <!-- RefinanceStepupVoid -->
                  <span class="method-name">RefinanceStepupVoid</span>
                  <div class="stack-trace">org.openqa.selenium.NoSuchElementException: Unable to find element with xpath == //*[@id=&apos;transactionHistoryTable&apos;]/tbody/tr/td[3]/table/tbody/tr[15]/td/span[2] (WARNING: The server did not provide any stacktrace information)
Command duration or timeout: 0 milliseconds
For documentation on this error, please visit: http://seleniumhq.org/exceptions/no_such_element.html
Build info: version: &apos;3.14.0&apos;, revision: &apos;aacccce0&apos;, time: &apos;2018-08-02T20:19:58.91Z&apos;
System info: host: &apos;QTLSYS2-48&apos;, ip: &apos;192.168.2.48&apos;, os.name: &apos;Windows 7&apos;, os.arch: &apos;amd64&apos;, os.version: &apos;6.1&apos;, java.version: &apos;1.8.0_171&apos;
Driver info: org.openqa.selenium.ie.InternetExplorerDriver
Capabilities {browserAttachTimeout: 0, browserName: internet explorer, cssSelectorsEnabled: true, elementScrollBehavior: 0, enableElementCacheCleanup: true, enablePersistentHover: true, handlesAlerts: true, ie.browserCommandLineSwitches: , ie.ensureCleanSession: false, ie.forceCreateProcessApi: false, ie.usePerProcessProxy: false, ignoreProtectedModeSettings: false, ignoreZoomSetting: false, initialBrowserUrl: http://localhost:48596/, javascriptEnabled: true, nativeEvents: true, platform: WINDOWS, platformName: WINDOWS, requireWindowFocus: false, takesScreenshot: true, unexpectedAlertBehaviour: dismiss, unhandledPromptBehavior: dismiss, version: 11}
Session ID: 6585acd1-76f9-45c3-b624-638c310af9cd
*** Element info: {Using=xpath, value=//*[@id=&apos;transactionHistoryTable&apos;]/tbody/tr/td[3]/table/tbody/tr[15]/td/span[2]}
	at org.openqa.selenium.remote.ErrorHandler.createThrowable(ErrorHandler.java:214)
	at org.openqa.selenium.remote.ErrorHandler.throwIfResponseFailed(ErrorHandler.java:166)
	at org.openqa.selenium.remote.http.JsonHttpResponseCodec.reconstructValue(JsonHttpResponseCodec.java:40)
	at org.openqa.selenium.remote.http.AbstractHttpResponseCodec.decode(AbstractHttpResponseCodec.java:80)
	at org.openqa.selenium.remote.http.AbstractHttpResponseCodec.decode(AbstractHttpResponseCodec.java:44)
	at org.openqa.selenium.remote.HttpCommandExecutor.execute(HttpCommandExecutor.java:158)
	at org.openqa.selenium.remote.service.DriverCommandExecutor.execute(DriverCommandExecutor.java:83)
	at org.openqa.selenium.remote.RemoteWebDriver.execute(RemoteWebDriver.java:548)
	at org.openqa.selenium.remote.RemoteWebDriver.findElement(RemoteWebDriver.java:322)
	at org.openqa.selenium.remote.RemoteWebDriver.findElementByXPath(RemoteWebDriver.java:424)
	at org.openqa.selenium.By$ByXPath.findElement(By.java:353)
	at org.openqa.selenium.remote.RemoteWebDriver.findElement(RemoteWebDriver.java:314)
	at tests.ARefinanceStepup.StepUp(ARefinanceStepup.java:100)
	at tests.QCStore.RefinanceStepupVoid(QCStore.java:2577)
... Removed 29 stack frames
</div> <!-- stack-trace -->
                </div> <!-- method-content -->
              </div> <!-- method -->
              <div class="method">
                <div class="method-content">
                  <a name="maxloanCount">
                  </a> <!-- maxloanCount -->
                  <span class="method-name">maxloanCount</span>
                  <div class="stack-trace">org.openqa.selenium.NoSuchElementException: Unable to find element with id == LoanButtonId (WARNING: The server did not provide any stacktrace information)
Command duration or timeout: 0 milliseconds
For documentation on this error, please visit: http://seleniumhq.org/exceptions/no_such_element.html
Build info: version: &apos;3.14.0&apos;, revision: &apos;aacccce0&apos;, time: &apos;2018-08-02T20:19:58.91Z&apos;
System info: host: &apos;QTLSYS2-48&apos;, ip: &apos;192.168.2.48&apos;, os.name: &apos;Windows 7&apos;, os.arch: &apos;amd64&apos;, os.version: &apos;6.1&apos;, java.version: &apos;1.8.0_171&apos;
Driver info: org.openqa.selenium.ie.InternetExplorerDriver
Capabilities {browserAttachTimeout: 0, browserName: internet explorer, cssSelectorsEnabled: true, elementScrollBehavior: 0, enableElementCacheCleanup: true, enablePersistentHover: true, handlesAlerts: true, ie.browserCommandLineSwitches: , ie.ensureCleanSession: false, ie.forceCreateProcessApi: false, ie.usePerProcessProxy: false, ignoreProtectedModeSettings: false, ignoreZoomSetting: false, initialBrowserUrl: http://localhost:34499/, javascriptEnabled: true, nativeEvents: true, platform: WINDOWS, platformName: WINDOWS, requireWindowFocus: false, takesScreenshot: true, unexpectedAlertBehaviour: dismiss, unhandledPromptBehavior: dismiss, version: 11}
Session ID: dd2b693a-a7f7-4f92-bc82-48009453560b
*** Element info: {Using=id, value=LoanButtonId}
	at org.openqa.selenium.remote.ErrorHandler.createThrowable(ErrorHandler.java:214)
	at org.openqa.selenium.remote.ErrorHandler.throwIfResponseFailed(ErrorHandler.java:166)
	at org.openqa.selenium.remote.http.JsonHttpResponseCodec.reconstructValue(JsonHttpResponseCodec.java:40)
	at org.openqa.selenium.remote.http.AbstractHttpResponseCodec.decode(AbstractHttpResponseCodec.java:80)
	at org.openqa.selenium.remote.http.AbstractHttpResponseCodec.decode(AbstractHttpResponseCodec.java:44)
	at org.openqa.selenium.remote.HttpCommandExecutor.execute(HttpCommandExecutor.java:158)
	at org.openqa.selenium.remote.service.DriverCommandExecutor.execute(DriverCommandExecutor.java:83)
	at org.openqa.selenium.remote.RemoteWebDriver.execute(RemoteWebDriver.java:548)
	at org.openqa.selenium.remote.RemoteWebDriver.findElement(RemoteWebDriver.java:322)
	at org.openqa.selenium.remote.RemoteWebDriver.findElementById(RemoteWebDriver.java:368)
	at org.openqa.selenium.By$ById.findElement(By.java:188)
	at org.openqa.selenium.remote.RemoteWebDriver.findElement(RemoteWebDriver.java:314)
	at tests.AMaxLoanCount.PDL(AMaxLoanCount.java:245)
	at tests.AMaxLoanCount.maxLoan(AMaxLoanCount.java:193)
	at tests.QCStore.maxloanCount(QCStore.java:2193)
... Removed 29 stack frames
</div> <!-- stack-trace -->
                </div> <!-- method-content -->
              </div> <!-- method -->
              <div class="method">
                <div class="method-content">
                  <a name="rebateStepup">
                  </a> <!-- rebateStepup -->
                  <span class="method-name">rebateStepup</span>
                  <div class="stack-trace">org.openqa.selenium.NoSuchElementException: Unable to find element with xpath == //*[@id=&apos;transactionHistoryTable&apos;]/tbody/tr/td[3]/table/tbody/tr[15]/td/span[2] (WARNING: The server did not provide any stacktrace information)
Command duration or timeout: 0 milliseconds
For documentation on this error, please visit: http://seleniumhq.org/exceptions/no_such_element.html
Build info: version: &apos;3.14.0&apos;, revision: &apos;aacccce0&apos;, time: &apos;2018-08-02T20:19:58.91Z&apos;
System info: host: &apos;QTLSYS2-48&apos;, ip: &apos;192.168.2.48&apos;, os.name: &apos;Windows 7&apos;, os.arch: &apos;amd64&apos;, os.version: &apos;6.1&apos;, java.version: &apos;1.8.0_171&apos;
Driver info: org.openqa.selenium.ie.InternetExplorerDriver
Capabilities {browserAttachTimeout: 0, browserName: internet explorer, cssSelectorsEnabled: true, elementScrollBehavior: 0, enableElementCacheCleanup: true, enablePersistentHover: true, handlesAlerts: true, ie.browserCommandLineSwitches: , ie.ensureCleanSession: false, ie.forceCreateProcessApi: false, ie.usePerProcessProxy: false, ignoreProtectedModeSettings: false, ignoreZoomSetting: false, initialBrowserUrl: http://localhost:8977/, javascriptEnabled: true, nativeEvents: true, platform: WINDOWS, platformName: WINDOWS, requireWindowFocus: false, takesScreenshot: true, unexpectedAlertBehaviour: dismiss, unhandledPromptBehavior: dismiss, version: 11}
Session ID: 0d0d6374-53e8-4a7e-aa20-12fffe14d7b4
*** Element info: {Using=xpath, value=//*[@id=&apos;transactionHistoryTable&apos;]/tbody/tr/td[3]/table/tbody/tr[15]/td/span[2]}
	at org.openqa.selenium.remote.ErrorHandler.createThrowable(ErrorHandler.java:214)
	at org.openqa.selenium.remote.ErrorHandler.throwIfResponseFailed(ErrorHandler.java:166)
	at org.openqa.selenium.remote.http.JsonHttpResponseCodec.reconstructValue(JsonHttpResponseCodec.java:40)
	at org.openqa.selenium.remote.http.AbstractHttpResponseCodec.decode(AbstractHttpResponseCodec.java:80)
	at org.openqa.selenium.remote.http.AbstractHttpResponseCodec.decode(AbstractHttpResponseCodec.java:44)
	at org.openqa.selenium.remote.HttpCommandExecutor.execute(HttpCommandExecutor.java:158)
	at org.openqa.selenium.remote.service.DriverCommandExecutor.execute(DriverCommandExecutor.java:83)
	at org.openqa.selenium.remote.RemoteWebDriver.execute(RemoteWebDriver.java:548)
	at org.openqa.selenium.remote.RemoteWebDriver.findElement(RemoteWebDriver.java:322)
	at org.openqa.selenium.remote.RemoteWebDriver.findElementByXPath(RemoteWebDriver.java:424)
	at org.openqa.selenium.By$ByXPath.findElement(By.java:353)
	at org.openqa.selenium.remote.RemoteWebDriver.findElement(RemoteWebDriver.java:314)
	at tests.AUnderRebateStepup.StepUp(AUnderRebateStepup.java:94)
	at tests.QCStore.rebateStepup(QCStore.java:2718)
... Removed 29 stack frames
</div> <!-- stack-trace -->
                </div> <!-- method-content -->
              </div> <!-- method -->
              <div class="method">
                <div class="method-content">
                  <a name="rebateStepupVoid">
                  </a> <!-- rebateStepupVoid -->
                  <span class="method-name">rebateStepupVoid</span>
                  <div class="stack-trace">org.openqa.selenium.NoSuchElementException: Unable to find element with xpath == //*[@id=&apos;transactionHistoryTable&apos;]/tbody/tr/td[3]/table/tbody/tr[15]/td/span[2] (WARNING: The server did not provide any stacktrace information)
Command duration or timeout: 0 milliseconds
For documentation on this error, please visit: http://seleniumhq.org/exceptions/no_such_element.html
Build info: version: &apos;3.14.0&apos;, revision: &apos;aacccce0&apos;, time: &apos;2018-08-02T20:19:58.91Z&apos;
System info: host: &apos;QTLSYS2-48&apos;, ip: &apos;192.168.2.48&apos;, os.name: &apos;Windows 7&apos;, os.arch: &apos;amd64&apos;, os.version: &apos;6.1&apos;, java.version: &apos;1.8.0_171&apos;
Driver info: org.openqa.selenium.ie.InternetExplorerDriver
Capabilities {browserAttachTimeout: 0, browserName: internet explorer, cssSelectorsEnabled: true, elementScrollBehavior: 0, enableElementCacheCleanup: true, enablePersistentHover: true, handlesAlerts: true, ie.browserCommandLineSwitches: , ie.ensureCleanSession: false, ie.forceCreateProcessApi: false, ie.usePerProcessProxy: false, ignoreProtectedModeSettings: false, ignoreZoomSetting: false, initialBrowserUrl: http://localhost:35014/, javascriptEnabled: true, nativeEvents: true, platform: WINDOWS, platformName: WINDOWS, requireWindowFocus: false, takesScreenshot: true, unexpectedAlertBehaviour: dismiss, unhandledPromptBehavior: dismiss, version: 11}
Session ID: a9291136-6f41-4b2b-a43b-223fd11e3dba
*** Element info: {Using=xpath, value=//*[@id=&apos;transactionHistoryTable&apos;]/tbody/tr/td[3]/table/tbody/tr[15]/td/span[2]}
	at org.openqa.selenium.remote.ErrorHandler.createThrowable(ErrorHandler.java:214)
	at org.openqa.selenium.remote.ErrorHandler.throwIfResponseFailed(ErrorHandler.java:166)
	at org.openqa.selenium.remote.http.JsonHttpResponseCodec.reconstructValue(JsonHttpResponseCodec.java:40)
	at org.openqa.selenium.remote.http.AbstractHttpResponseCodec.decode(AbstractHttpResponseCodec.java:80)
	at org.openqa.selenium.remote.http.AbstractHttpResponseCodec.decode(AbstractHttpResponseCodec.java:44)
	at org.openqa.selenium.remote.HttpCommandExecutor.execute(HttpCommandExecutor.java:158)
	at org.openqa.selenium.remote.service.DriverCommandExecutor.execute(DriverCommandExecutor.java:83)
	at org.openqa.selenium.remote.RemoteWebDriver.execute(RemoteWebDriver.java:548)
	at org.openqa.selenium.remote.RemoteWebDriver.findElement(RemoteWebDriver.java:322)
	at org.openqa.selenium.remote.RemoteWebDriver.findElementByXPath(RemoteWebDriver.java:424)
	at org.openqa.selenium.By$ByXPath.findElement(By.java:353)
	at org.openqa.selenium.remote.RemoteWebDriver.findElement(RemoteWebDriver.java:314)
	at tests.AUnderRebateStepup.StepUp(AUnderRebateStepup.java:94)
	at tests.QCStore.rebateStepupVoid(QCStore.java:2764)
... Removed 29 stack frames
</div> <!-- stack-trace -->
                </div> <!-- method-content -->
              </div> <!-- method -->
            </div> <!-- main-panel-content rounded-window-bottom -->
          </div> <!-- suite-Suite-class-failed -->
          <div class="suite-Suite-class-passed">
            <div class="main-panel-header rounded-window-top">
              <img src="passed.png"/>
              <span class="class-name">tests.QCStore</span>
            </div> <!-- main-panel-header rounded-window-top -->
            <div class="main-panel-content rounded-window-bottom">
              <div class="method">
                <div class="method-content">
                  <a name="Achdeposit">
                  </a> <!-- Achdeposit -->
                  <span class="method-name">Achdeposit</span>
                </div> <!-- method-content -->
              </div> <!-- method -->
              <div class="method">
                <div class="method-content">
                  <a name="agerescindtest">
                  </a> <!-- agerescindtest -->
                  <span class="method-name">agerescindtest</span>
                </div> <!-- method-content -->
              </div> <!-- method -->
              <div class="method">
                <div class="method-content">
                  <a name="borrowregNewloan">
                  </a> <!-- borrowregNewloan -->
                  <span class="method-name">borrowregNewloan</span>
                </div> <!-- method-content -->
              </div> <!-- method -->
              <div class="method">
                <div class="method-content">
                  <a name="futureMidayDeposit">
                  </a> <!-- futureMidayDeposit -->
                  <span class="method-name">futureMidayDeposit</span>
                </div> <!-- method-content -->
              </div> <!-- method -->
              <div class="method">
                <div class="method-content">
                  <a name="inactiveNewloan">
                  </a> <!-- inactiveNewloan -->
                  <span class="method-name">inactiveNewloan</span>
                </div> <!-- method-content -->
              </div> <!-- method -->
              <div class="method">
                <div class="method-content">
                  <a name="middayDeposit">
                  </a> <!-- middayDeposit -->
                  <span class="method-name">middayDeposit</span>
                </div> <!-- method-content -->
              </div> <!-- method -->
              <div class="method">
                <div class="method-content">
                  <a name="rescindloan">
                  </a> <!-- rescindloan -->
                  <span class="method-name">rescindloan</span>
                </div> <!-- method-content -->
              </div> <!-- method -->
>>>>>>> anoop1.1
            </div> <!-- main-panel-content rounded-window-bottom -->
          </div> <!-- suite-Suite-class-passed -->
        </div> <!-- panel Suite -->
        <div panel-name="test-xml-Suite" class="panel">
          <div class="main-panel-header rounded-window-top">
            <span class="header-content">C:\QC_Batch\QC_PDL\testng.xml</span>
          </div> <!-- main-panel-header rounded-window-top -->
          <div class="main-panel-content rounded-window-bottom">
            <pre>
&lt;?xml version=&quot;1.0&quot; encoding=&quot;UTF-8&quot;?&gt;
&lt;!DOCTYPE suite SYSTEM &quot;http://testng.org/testng-1.0.dtd&quot;&gt;
&lt;suite guice-stage=&quot;DEVELOPMENT&quot; name=&quot;Suite&quot;&gt;
  &lt;test thread-count=&quot;5&quot; name=&quot;Test&quot;&gt;
    &lt;groups&gt;
      &lt;run&gt;
<<<<<<< HEAD
        &lt;include name=&quot;Janaki_WORecovery&quot;/&gt;
=======
        &lt;include name=&quot;Anoop&quot;/&gt;
>>>>>>> anoop1.1
      &lt;/run&gt;
    &lt;/groups&gt;
    &lt;classes&gt;
      &lt;class name=&quot;tests.QCStore&quot;/&gt;
    &lt;/classes&gt;
  &lt;/test&gt; &lt;!-- Test --&gt;
&lt;/suite&gt; &lt;!-- Suite --&gt;
            </pre>
          </div> <!-- main-panel-content rounded-window-bottom -->
        </div> <!-- panel -->
        <div panel-name="testlist-Suite" class="panel">
          <div class="main-panel-header rounded-window-top">
            <span class="header-content">Tests for Suite</span>
          </div> <!-- main-panel-header rounded-window-top -->
          <div class="main-panel-content rounded-window-bottom">
            <ul>
              <li>
                <span class="test-name">Test (1 class)</span>
              </li>
            </ul>
          </div> <!-- main-panel-content rounded-window-bottom -->
        </div> <!-- panel -->
        <div panel-name="group-Suite" class="panel">
          <div class="main-panel-header rounded-window-top">
            <span class="header-content">Groups for Suite</span>
          </div> <!-- main-panel-header rounded-window-top -->
          <div class="main-panel-content rounded-window-bottom">
            <div class="test-group">
<<<<<<< HEAD
              <span class="test-group-name">Janaki_WORecovery</span>
              <br/>
              <div class="method-in-group">
                <span class="method-in-group-name">JQC_PartialWORecovery_FullWORecovery_Void_Txn_Testdata</span>
=======
              <span class="test-group-name">Anoop</span>
              <br/>
              <div class="method-in-group">
                <span class="method-in-group-name">AQC_EPPDeposit</span>
                <br/>
              </div> <!-- method-in-group -->
              <div class="method-in-group">
                <span class="method-in-group-name">AQC_EPP_Prepayment</span>
                <br/>
              </div> <!-- method-in-group -->
              <div class="method-in-group">
                <span class="method-in-group-name">AQC_EPP_Redeposit</span>
                <br/>
              </div> <!-- method-in-group -->
              <div class="method-in-group">
                <span class="method-in-group-name">AQC_EPP_Return</span>
                <br/>
              </div> <!-- method-in-group -->
              <div class="method-in-group">
                <span class="method-in-group-name">AQC_EPP_clear</span>
                <br/>
              </div> <!-- method-in-group -->
              <div class="method-in-group">
                <span class="method-in-group-name">AQC_EPP_nsfPayment</span>
                <br/>
              </div> <!-- method-in-group -->
              <div class="method-in-group">
                <span class="method-in-group-name">AQC_EPP_refund</span>
                <br/>
              </div> <!-- method-in-group -->
              <div class="method-in-group">
                <span class="method-in-group-name">Achdeposit</span>
                <br/>
              </div> <!-- method-in-group -->
              <div class="method-in-group">
                <span class="method-in-group-name">GracedaysDepositMenu</span>
                <br/>
              </div> <!-- method-in-group -->
              <div class="method-in-group">
                <span class="method-in-group-name">GracedaysMiddayDeposit</span>
                <br/>
              </div> <!-- method-in-group -->
              <div class="method-in-group">
                <span class="method-in-group-name">RefinanceStepSame</span>
                <br/>
              </div> <!-- method-in-group -->
              <div class="method-in-group">
                <span class="method-in-group-name">RefinanceStepSameVoid</span>
                <br/>
              </div> <!-- method-in-group -->
              <div class="method-in-group">
                <span class="method-in-group-name">RefinanceStepup</span>
                <br/>
              </div> <!-- method-in-group -->
              <div class="method-in-group">
                <span class="method-in-group-name">RefinanceStepupVoid</span>
                <br/>
              </div> <!-- method-in-group -->
              <div class="method-in-group">
                <span class="method-in-group-name">agerescindtest</span>
                <br/>
              </div> <!-- method-in-group -->
              <div class="method-in-group">
                <span class="method-in-group-name">borrowregNewloan</span>
                <br/>
              </div> <!-- method-in-group -->
              <div class="method-in-group">
                <span class="method-in-group-name">futureMidayDeposit</span>
                <br/>
              </div> <!-- method-in-group -->
              <div class="method-in-group">
                <span class="method-in-group-name">inactiveNewloan</span>
                <br/>
              </div> <!-- method-in-group -->
              <div class="method-in-group">
                <span class="method-in-group-name">maxloanCount</span>
                <br/>
              </div> <!-- method-in-group -->
              <div class="method-in-group">
                <span class="method-in-group-name">middayDeposit</span>
                <br/>
              </div> <!-- method-in-group -->
              <div class="method-in-group">
                <span class="method-in-group-name">rebateStepup</span>
                <br/>
              </div> <!-- method-in-group -->
              <div class="method-in-group">
                <span class="method-in-group-name">rebateStepupVoid</span>
                <br/>
              </div> <!-- method-in-group -->
              <div class="method-in-group">
                <span class="method-in-group-name">rescindloan</span>
>>>>>>> anoop1.1
                <br/>
              </div> <!-- method-in-group -->
            </div> <!-- test-group -->
          </div> <!-- main-panel-content rounded-window-bottom -->
        </div> <!-- panel -->
        <div panel-name="times-Suite" class="panel">
          <div class="main-panel-header rounded-window-top">
            <span class="header-content">Times for Suite</span>
          </div> <!-- main-panel-header rounded-window-top -->
          <div class="main-panel-content rounded-window-bottom">
            <div class="times-div">
              <script type="text/javascript">
suiteTableInitFunctions.push('tableData_Suite');
function tableData_Suite() {
var data = new google.visualization.DataTable();
data.addColumn('number', 'Number');
data.addColumn('string', 'Method');
data.addColumn('string', 'Class');
data.addColumn('number', 'Time (ms)');
data.addRows(1);
data.setCell(0, 0, 0)
<<<<<<< HEAD
data.setCell(0, 1, 'JQC_PartialWORecovery_FullWORecovery_Void_Txn_Testdata')
data.setCell(0, 2, 'tests.QCStore')
data.setCell(0, 3, 1111869);
=======
data.setCell(0, 1, 'maxloanCount')
data.setCell(0, 2, 'tests.QCStore')
data.setCell(0, 3, 1179463);
data.setCell(1, 0, 1)
data.setCell(1, 1, 'futureMidayDeposit')
data.setCell(1, 2, 'tests.QCStore')
data.setCell(1, 3, 758094);
data.setCell(2, 0, 2)
data.setCell(2, 1, 'RefinanceStepupVoid')
data.setCell(2, 2, 'tests.QCStore')
data.setCell(2, 3, 715621);
data.setCell(3, 0, 3)
data.setCell(3, 1, 'GracedaysDepositMenu')
data.setCell(3, 2, 'tests.QCStore')
data.setCell(3, 3, 666524);
data.setCell(4, 0, 4)
data.setCell(4, 1, 'RefinanceStepSame')
data.setCell(4, 2, 'tests.QCStore')
data.setCell(4, 3, 659531);
data.setCell(5, 0, 5)
data.setCell(5, 1, 'middayDeposit')
data.setCell(5, 2, 'tests.QCStore')
data.setCell(5, 3, 657094);
data.setCell(6, 0, 6)
data.setCell(6, 1, 'RefinanceStepSameVoid')
data.setCell(6, 2, 'tests.QCStore')
data.setCell(6, 3, 655503);
data.setCell(7, 0, 7)
data.setCell(7, 1, 'GracedaysMiddayDeposit')
data.setCell(7, 2, 'tests.QCStore')
data.setCell(7, 3, 642678);
data.setCell(8, 0, 8)
data.setCell(8, 1, 'RefinanceStepup')
data.setCell(8, 2, 'tests.QCStore')
data.setCell(8, 3, 566078);
data.setCell(9, 0, 9)
data.setCell(9, 1, 'Achdeposit')
data.setCell(9, 2, 'tests.QCStore')
data.setCell(9, 3, 534660);
data.setCell(10, 0, 10)
data.setCell(10, 1, 'AQC_EPPDeposit')
data.setCell(10, 2, 'tests.QCStore')
data.setCell(10, 3, 469391);
data.setCell(11, 0, 11)
data.setCell(11, 1, 'AQC_EPP_Return')
data.setCell(11, 2, 'tests.QCStore')
data.setCell(11, 3, 464293);
data.setCell(12, 0, 12)
data.setCell(12, 1, 'AQC_EPP_Redeposit')
data.setCell(12, 2, 'tests.QCStore')
data.setCell(12, 3, 453477);
data.setCell(13, 0, 13)
data.setCell(13, 1, 'AQC_EPP_Prepayment')
data.setCell(13, 2, 'tests.QCStore')
data.setCell(13, 3, 451877);
data.setCell(14, 0, 14)
data.setCell(14, 1, 'AQC_EPP_nsfPayment')
data.setCell(14, 2, 'tests.QCStore')
data.setCell(14, 3, 451115);
data.setCell(15, 0, 15)
data.setCell(15, 1, 'AQC_EPP_refund')
data.setCell(15, 2, 'tests.QCStore')
data.setCell(15, 3, 446979);
data.setCell(16, 0, 16)
data.setCell(16, 1, 'AQC_EPP_clear')
data.setCell(16, 2, 'tests.QCStore')
data.setCell(16, 3, 445515);
data.setCell(17, 0, 17)
data.setCell(17, 1, 'rebateStepupVoid')
data.setCell(17, 2, 'tests.QCStore')
data.setCell(17, 3, 308277);
data.setCell(18, 0, 18)
data.setCell(18, 1, 'rebateStepup')
data.setCell(18, 2, 'tests.QCStore')
data.setCell(18, 3, 304136);
data.setCell(19, 0, 19)
data.setCell(19, 1, 'agerescindtest')
data.setCell(19, 2, 'tests.QCStore')
data.setCell(19, 3, 209853);
data.setCell(20, 0, 20)
data.setCell(20, 1, 'rescindloan')
data.setCell(20, 2, 'tests.QCStore')
data.setCell(20, 3, 187030);
data.setCell(21, 0, 21)
data.setCell(21, 1, 'inactiveNewloan')
data.setCell(21, 2, 'tests.QCStore')
data.setCell(21, 3, 172563);
data.setCell(22, 0, 22)
data.setCell(22, 1, 'borrowregNewloan')
data.setCell(22, 2, 'tests.QCStore')
data.setCell(22, 3, 154144);
>>>>>>> anoop1.1
window.suiteTableData['Suite']= { tableData: data, tableDiv: 'times-div-Suite'}
return data;
}
              </script>
<<<<<<< HEAD
              <span class="suite-total-time">Total running time: 18 minutes</span>
=======
              <span class="suite-total-time">Total running time: 3 hours</span>
>>>>>>> anoop1.1
              <div id="times-div-Suite">
              </div> <!-- times-div-Suite -->
            </div> <!-- times-div -->
          </div> <!-- main-panel-content rounded-window-bottom -->
        </div> <!-- panel -->
        <div panel-name="reporter-Suite" class="panel">
          <div class="main-panel-header rounded-window-top">
            <span class="header-content">Reporter output for Suite</span>
          </div> <!-- main-panel-header rounded-window-top -->
          <div class="main-panel-content rounded-window-bottom">
          </div> <!-- main-panel-content rounded-window-bottom -->
        </div> <!-- panel -->
        <div panel-name="ignored-methods-Suite" class="panel">
          <div class="main-panel-header rounded-window-top">
            <span class="header-content">76 ignored methods</span>
          </div> <!-- main-panel-header rounded-window-top -->
          <div class="main-panel-content rounded-window-bottom">
            <div class="ignored-class-div">
              <span class="ignored-class-name">tests.QCStore</span>
              <div class="ignored-methods-div">
                <span class="ignored-method-name">JQC_AgeStore_Refinance_Rescind_Txn</span>
                <br/>
                <span class="ignored-method-name">middayDeposit</span>
                <br/>
                <span class="ignored-method-name">QC_Epp_Check_Deposit_Clear_Txn</span>
                <br/>
                <span class="ignored-method-name">Achdeposit</span>
                <br/>
                <span class="ignored-method-name">QC_Refinance_StepDownURP_Txn</span>
                <br/>
                <span class="ignored-method-name">JQC_NewLoan_Veritec_Txn</span>
                <br/>
                <span class="ignored-method-name">QC_Deposit_Menu_Txn</span>
                <br/>
                <span class="ignored-method-name">JQC_AgeStore_Deposit_Return_Refinance_Void_Txn</span>
                <br/>
                <span class="ignored-method-name">JQC_AgeStore_DCDeposit_Menu_Txn</span>
                <br/>
                <span class="ignored-method-name">QC_RefinanceStepDown_Txn</span>
                <br/>
                <span class="ignored-method-name">QC_PartialPayment_RefundVoid_Txn</span>
                <br/>
                <span class="ignored-method-name">QC_Epp_PrePayment_Return_Txn</span>
                <br/>
                <span class="ignored-method-name">JQC_AgeStore_Deposit_Return_Refinance_Txn</span>
                <br/>
                <span class="ignored-method-name">rescindloan</span>
                <br/>
                <span class="ignored-method-name">QC_Epp_Deposit_Void_Txn</span>
                <br/>
                <span class="ignored-method-name">QC_Refinance_StepSameURP_Txn</span>
                <br/>
                <span class="ignored-method-name">JQC_AgeStore_NSFPosting_Refinance_Rescind_Txn</span>
                <br/>
                <span class="ignored-method-name">JQC_AgeStore_GraceDays_DCDeposit_Menu_Txn</span>
                <br/>
                <span class="ignored-method-name">QC_NewLoan_Promotion_Txn</span>
                <br/>
                <span class="ignored-method-name">JQC_AgeStore_DCDeposit_Txn</span>
                <br/>
                <span class="ignored-method-name">JQC_EPP_AgestoreInstallmentwise_EPPPayment_Txn_Testdata</span>
                <br/>
                <span class="ignored-method-name">QC_Epp_Return_NSFPayment_Txn</span>
                <br/>
                <span class="ignored-method-name">QC_Deposit_GraceDays_Txn</span>
                <br/>
                <span class="ignored-method-name">QC_GraceDays_EODDeposit_Txn</span>
                <br/>
                <span class="ignored-method-name">QC_Epp_PrePayment_Txn</span>
                <br/>
                <span class="ignored-method-name">borrowregNewloan</span>
                <br/>
                <span class="ignored-method-name">JQC_BuyBack_Txn_Testdata</span>
                <br/>
                <span class="ignored-method-name">AQC_EPP_Redeposit</span>
                <br/>
                <span class="ignored-method-name">JQC_AgeStore_Deposit_ClearMenu_Txn</span>
                <br/>
                <span class="ignored-method-name">QC_OpenLoan_NewLoan_Txn</span>
                <br/>
                <span class="ignored-method-name">QC_EOD_Deposit_Txn</span>
                <br/>
                <span class="ignored-method-name">JQC_Deposit_Return_EPP_Txn_Testdata</span>
                <br/>
                <span class="ignored-method-name">JQC_BuyBack_Void_Txn_Testdata</span>
                <br/>
                <span class="ignored-method-name">RefinanceStepSameVoid</span>
                <br/>
                <span class="ignored-method-name">AQC_EPP_refund</span>
                <br/>
                <span class="ignored-method-name">AQC_EPP_clear</span>
                <br/>
                <span class="ignored-method-name">QC_RefinanceStepDown_Void_Txn</span>
                <br/>
                <span class="ignored-method-name">JQC_AgeStore_PrePayment_Return_Txn</span>
                <br/>
                <span class="ignored-method-name">JQC_BuyBack_Rebate_Void_Txn_Testdata</span>
                <br/>
                <span class="ignored-method-name">AQC_EPP_nsfPayment</span>
                <br/>
                <span class="ignored-method-name">GracedaysDepositMenu</span>
                <br/>
                <span class="ignored-method-name">QC_AgeStore_Void_Txn</span>
                <br/>
                <span class="ignored-method-name">AQC_EPPDeposit</span>
                <br/>
                <span class="ignored-method-name">JQC_AgeStore_Deposit_AutoClear_Txn</span>
                <br/>
                <span class="ignored-method-name">JQC_AgeStore_PrePayment_Clear_Txn</span>
                <br/>
                <span class="ignored-method-name">JQC_ChkDeposit_RtnChk_ReDeposit_Payment_Void_Clear_Txn_Testdata</span>
                <br/>
                <span class="ignored-method-name">GracedaysMiddayDeposit</span>
                <br/>
                <span class="ignored-method-name">QC_NewLoan_Void_Txn</span>
                <br/>
                <span class="ignored-method-name">AQC_EPP_Prepayment</span>
                <br/>
                <span class="ignored-method-name">JQC_ACH_PartialWORecovery_FullWORecovery_Void_Txn_Testdata</span>
                <br/>
                <span class="ignored-method-name">QC_EppDepositClear_Refund_Txn</span>
                <br/>
                <span class="ignored-method-name">JQC_AgeStore_GraceDays_DCDeposit_Dropdown_Txn</span>
                <br/>
                <span class="ignored-method-name">maxloanCount</span>
                <br/>
                <span class="ignored-method-name">RefinanceStepup</span>
                <br/>
                <span class="ignored-method-name">QC_FutureDeposit_DropDown</span>
                <br/>
                <span class="ignored-method-name">rebateStepup</span>
                <br/>
                <span class="ignored-method-name">QC_Refinance_StepSameVoidURP_Txn</span>
                <br/>
                <span class="ignored-method-name">JQC_AgeStore_Deposit_PrePayment_Void_Txn</span>
                <br/>
                <span class="ignored-method-name">JQC_EPP_Txn_Testdata</span>
                <br/>
                <span class="ignored-method-name">QC_Epp_Return_ReDeposit_Txn</span>
                <br/>
                <span class="ignored-method-name">futureMidayDeposit</span>
                <br/>
                <span class="ignored-method-name">AQC_EPP_Return</span>
                <br/>
                <span class="ignored-method-name">RefinanceStepupVoid</span>
                <br/>
                <span class="ignored-method-name">inactiveNewloan</span>
                <br/>
                <span class="ignored-method-name">JQC_AgeStore_ACHReturn_Refinance_Rescind_Txn</span>
                <br/>
                <span class="ignored-method-name">JQC_BuyBack_Rebate_Txn_Testdata</span>
                <br/>
                <span class="ignored-method-name">rebateStepupVoid</span>
                <br/>
                <span class="ignored-method-name">QC_FutureDeposit_EOD_Txn</span>
                <br/>
                <span class="ignored-method-name">QC_Refinance_StepDownVoidURP_Txn</span>
                <br/>
                <span class="ignored-method-name">agerescindtest</span>
                <br/>
                <span class="ignored-method-name">JQC_Return_ReDeposit_Clear_Txn</span>
                <br/>
                <span class="ignored-method-name">JQC_AgeStore_Deposit_ClearDropdown_Txn</span>
                <br/>
                <span class="ignored-method-name">QC_Void_FullReturnPayment_Txn</span>
                <br/>
                <span class="ignored-method-name">RefinanceStepSame</span>
                <br/>
                <span class="ignored-method-name">JQC_AgeStore_Deposit_PrePayment_Txn</span>
                <br/>
                <span class="ignored-method-name">JQC_AgeStore_Redeposit_Prepayment_Void_Prepayment_Return_Txn</span>
                <br/>
              </div> <!-- ignored-methods-div -->
            </div> <!-- ignored-class-div -->
          </div> <!-- main-panel-content rounded-window-bottom -->
        </div> <!-- panel -->
        <div panel-name="chronological-Suite" class="panel">
          <div class="main-panel-header rounded-window-top">
            <span class="header-content">Methods in chronological order</span>
          </div> <!-- main-panel-header rounded-window-top -->
          <div class="main-panel-content rounded-window-bottom">
            <div class="chronological-class">
              <div class="chronological-class-name">tests.QCStore</div> <!-- chronological-class-name -->
              <div class="configuration-class before">
                <span class="method-name">setup</span>
                <span class="method-start">0 ms</span>
              </div> <!-- configuration-class before -->
              <div class="configuration-method before">
                <span class="method-name">killProcess</span>
<<<<<<< HEAD
                <span class="method-start">87 ms</span>
              </div> <!-- configuration-method before -->
              <div class="test-method">
                <span class="method-name">JQC_PartialWORecovery_FullWORecovery_Void_Txn_Testdata</span>
                <span class="method-start">5106 ms</span>
              </div> <!-- test-method -->
              <div class="configuration-method after">
                <span class="method-name">getResult([TestResult name=JQC_PartialWORecovery_FullWORecovery_Void_Txn_Testdata status=SUCCESS method=QCStor...)</span>
                <span class="method-start">1116976 ms</span>
=======
                <span class="method-start">100 ms</span>
              </div> <!-- configuration-method before -->
              <div class="test-method">
                <span class="method-name">middayDeposit</span>
                <span class="method-start">5111 ms</span>
              </div> <!-- test-method -->
              <div class="configuration-method after">
                <span class="method-name">getResult([TestResult name=middayDeposit status=SUCCESS method=QCStore.middayDeposit()[pri:0, instance:tests.Q...)</span>
                <span class="method-start">662207 ms</span>
              </div> <!-- configuration-method after -->
              <div class="configuration-method before">
                <span class="method-name">killProcess</span>
                <span class="method-start">662474 ms</span>
              </div> <!-- configuration-method before -->
              <div class="test-method">
                <span class="method-name">futureMidayDeposit</span>
                <span class="method-start">667482 ms</span>
              </div> <!-- test-method -->
              <div class="configuration-method after">
                <span class="method-name">getResult([TestResult name=futureMidayDeposit status=SUCCESS method=QCStore.futureMidayDeposit()[pri:1, instan...)</span>
                <span class="method-start">1425577 ms</span>
              </div> <!-- configuration-method after -->
              <div class="configuration-method before">
                <span class="method-name">killProcess</span>
                <span class="method-start">1425636 ms</span>
              </div> <!-- configuration-method before -->
              <div class="test-method">
                <span class="method-name">inactiveNewloan</span>
                <span class="method-start">1430648 ms</span>
              </div> <!-- test-method -->
              <div class="configuration-method after">
                <span class="method-name">getResult([TestResult name=inactiveNewloan status=SUCCESS method=QCStore.inactiveNewloan()[pri:2, instance:tes...)</span>
                <span class="method-start">1603212 ms</span>
              </div> <!-- configuration-method after -->
              <div class="configuration-method before">
                <span class="method-name">killProcess</span>
                <span class="method-start">1603272 ms</span>
              </div> <!-- configuration-method before -->
              <div class="test-method">
                <span class="method-name">Achdeposit</span>
                <span class="method-start">1608294 ms</span>
              </div> <!-- test-method -->
              <div class="configuration-method after">
                <span class="method-name">getResult([TestResult name=Achdeposit status=SUCCESS method=QCStore.Achdeposit()[pri:3, instance:tests.QCStore...)</span>
                <span class="method-start">2142955 ms</span>
              </div> <!-- configuration-method after -->
              <div class="configuration-method before">
                <span class="method-name">killProcess</span>
                <span class="method-start">2142987 ms</span>
              </div> <!-- configuration-method before -->
              <div class="test-method">
                <span class="method-name">rescindloan</span>
                <span class="method-start">2147995 ms</span>
              </div> <!-- test-method -->
              <div class="configuration-method after">
                <span class="method-name">getResult([TestResult name=rescindloan status=SUCCESS method=QCStore.rescindloan()[pri:4, instance:tests.QCSto...)</span>
                <span class="method-start">2335026 ms</span>
              </div> <!-- configuration-method after -->
              <div class="configuration-method before">
                <span class="method-name">killProcess</span>
                <span class="method-start">2335057 ms</span>
              </div> <!-- configuration-method before -->
              <div class="test-method">
                <span class="method-name">agerescindtest</span>
                <span class="method-start">2340075 ms</span>
              </div> <!-- test-method -->
              <div class="configuration-method after">
                <span class="method-name">getResult([TestResult name=agerescindtest status=SUCCESS method=QCStore.agerescindtest()[pri:5, instance:tests...)</span>
                <span class="method-start">2549930 ms</span>
              </div> <!-- configuration-method after -->
              <div class="configuration-method before">
                <span class="method-name">killProcess</span>
                <span class="method-start">2549970 ms</span>
              </div> <!-- configuration-method before -->
              <div class="test-method">
                <img src="failed.png">
                </img>
                <span class="method-name">maxloanCount</span>
                <span class="method-start">2554993 ms</span>
              </div> <!-- test-method -->
              <div class="configuration-method after">
                <span class="method-name">getResult([TestResult name=maxloanCount status=FAILURE method=QCStore.maxloanCount()[pri:6, instance:tests.QCS...)</span>
                <span class="method-start">3734459 ms</span>
              </div> <!-- configuration-method after -->
              <div class="configuration-method before">
                <span class="method-name">killProcess</span>
                <span class="method-start">3736017 ms</span>
              </div> <!-- configuration-method before -->
              <div class="test-method">
                <img src="failed.png">
                </img>
                <span class="method-name">GracedaysMiddayDeposit</span>
                <span class="method-start">3741025 ms</span>
              </div> <!-- test-method -->
              <div class="configuration-method after">
                <span class="method-name">getResult([TestResult name=GracedaysMiddayDeposit status=FAILURE method=QCStore.GracedaysMiddayDeposit()[pri:7...)</span>
                <span class="method-start">4383705 ms</span>
              </div> <!-- configuration-method after -->
              <div class="configuration-method before">
                <span class="method-name">killProcess</span>
                <span class="method-start">4385143 ms</span>
              </div> <!-- configuration-method before -->
              <div class="test-method">
                <img src="failed.png">
                </img>
                <span class="method-name">GracedaysDepositMenu</span>
                <span class="method-start">4390151 ms</span>
              </div> <!-- test-method -->
              <div class="configuration-method after">
                <span class="method-name">getResult([TestResult name=GracedaysDepositMenu status=FAILURE method=QCStore.GracedaysDepositMenu()[pri:8, in...)</span>
                <span class="method-start">5056678 ms</span>
              </div> <!-- configuration-method after -->
              <div class="configuration-method before">
                <span class="method-name">killProcess</span>
                <span class="method-start">5057934 ms</span>
              </div> <!-- configuration-method before -->
              <div class="test-method">
                <img src="failed.png">
                </img>
                <span class="method-name">RefinanceStepup</span>
                <span class="method-start">5062947 ms</span>
              </div> <!-- test-method -->
              <div class="configuration-method after">
                <span class="method-name">getResult([TestResult name=RefinanceStepup status=FAILURE method=QCStore.RefinanceStepup()[pri:9, instance:tes...)</span>
                <span class="method-start">5629027 ms</span>
              </div> <!-- configuration-method after -->
              <div class="configuration-method before">
                <span class="method-name">killProcess</span>
                <span class="method-start">5629745 ms</span>
              </div> <!-- configuration-method before -->
              <div class="test-method">
                <img src="failed.png">
                </img>
                <span class="method-name">RefinanceStepSame</span>
                <span class="method-start">5634754 ms</span>
              </div> <!-- test-method -->
              <div class="configuration-method after">
                <span class="method-name">getResult([TestResult name=RefinanceStepSame status=FAILURE method=QCStore.RefinanceStepSame()[pri:10, instanc...)</span>
                <span class="method-start">6294287 ms</span>
              </div> <!-- configuration-method after -->
              <div class="configuration-method before">
                <span class="method-name">killProcess</span>
                <span class="method-start">6295028 ms</span>
              </div> <!-- configuration-method before -->
              <div class="test-method">
                <img src="failed.png">
                </img>
                <span class="method-name">RefinanceStepupVoid</span>
                <span class="method-start">6300037 ms</span>
              </div> <!-- test-method -->
              <div class="configuration-method after">
                <span class="method-name">getResult([TestResult name=RefinanceStepupVoid status=FAILURE method=QCStore.RefinanceStepupVoid()[pri:11, ins...)</span>
                <span class="method-start">7015660 ms</span>
              </div> <!-- configuration-method after -->
              <div class="configuration-method before">
                <span class="method-name">killProcess</span>
                <span class="method-start">7016357 ms</span>
              </div> <!-- configuration-method before -->
              <div class="test-method">
                <img src="failed.png">
                </img>
                <span class="method-name">RefinanceStepSameVoid</span>
                <span class="method-start">7021366 ms</span>
              </div> <!-- test-method -->
              <div class="configuration-method after">
                <span class="method-name">getResult([TestResult name=RefinanceStepSameVoid status=FAILURE method=QCStore.RefinanceStepSameVoid()[pri:12,...)</span>
                <span class="method-start">7676871 ms</span>
              </div> <!-- configuration-method after -->
              <div class="configuration-method before">
                <span class="method-name">killProcess</span>
                <span class="method-start">7677622 ms</span>
              </div> <!-- configuration-method before -->
              <div class="test-method">
                <span class="method-name">borrowregNewloan</span>
                <span class="method-start">7682632 ms</span>
              </div> <!-- test-method -->
              <div class="configuration-method after">
                <span class="method-name">getResult([TestResult name=borrowregNewloan status=SUCCESS method=QCStore.borrowregNewloan()[pri:13, instance:...)</span>
                <span class="method-start">7836777 ms</span>
              </div> <!-- configuration-method after -->
              <div class="configuration-method before">
                <span class="method-name">killProcess</span>
                <span class="method-start">7836831 ms</span>
              </div> <!-- configuration-method before -->
              <div class="test-method">
                <img src="failed.png">
                </img>
                <span class="method-name">rebateStepup</span>
                <span class="method-start">7841849 ms</span>
              </div> <!-- test-method -->
              <div class="configuration-method after">
                <span class="method-name">getResult([TestResult name=rebateStepup status=FAILURE method=QCStore.rebateStepup()[pri:14, instance:tests.QC...)</span>
                <span class="method-start">8145987 ms</span>
              </div> <!-- configuration-method after -->
              <div class="configuration-method before">
                <span class="method-name">killProcess</span>
                <span class="method-start">8146746 ms</span>
              </div> <!-- configuration-method before -->
              <div class="test-method">
                <img src="failed.png">
                </img>
                <span class="method-name">rebateStepupVoid</span>
                <span class="method-start">8151755 ms</span>
              </div> <!-- test-method -->
              <div class="configuration-method after">
                <span class="method-name">getResult([TestResult name=rebateStepupVoid status=FAILURE method=QCStore.rebateStepupVoid()[pri:15, instance:...)</span>
                <span class="method-start">8460034 ms</span>
              </div> <!-- configuration-method after -->
              <div class="configuration-method before">
                <span class="method-name">killProcess</span>
                <span class="method-start">8460767 ms</span>
              </div> <!-- configuration-method before -->
              <div class="test-method">
                <img src="failed.png">
                </img>
                <span class="method-name">AQC_EPPDeposit</span>
                <span class="method-start">8465775 ms</span>
              </div> <!-- test-method -->
              <div class="configuration-method after">
                <span class="method-name">getResult([TestResult name=AQC_EPPDeposit status=FAILURE method=QCStore.AQC_EPPDeposit()[pri:16, instance:test...)</span>
                <span class="method-start">8935168 ms</span>
              </div> <!-- configuration-method after -->
              <div class="configuration-method before">
                <span class="method-name">killProcess</span>
                <span class="method-start">8936580 ms</span>
              </div> <!-- configuration-method before -->
              <div class="test-method">
                <img src="failed.png">
                </img>
                <span class="method-name">AQC_EPP_Prepayment</span>
                <span class="method-start">8941590 ms</span>
              </div> <!-- test-method -->
              <div class="configuration-method after">
                <span class="method-name">getResult([TestResult name=AQC_EPP_Prepayment status=FAILURE method=QCStore.AQC_EPP_Prepayment()[pri:17, insta...)</span>
                <span class="method-start">9393469 ms</span>
              </div> <!-- configuration-method after -->
              <div class="configuration-method before">
                <span class="method-name">killProcess</span>
                <span class="method-start">9394820 ms</span>
              </div> <!-- configuration-method before -->
              <div class="test-method">
                <img src="failed.png">
                </img>
                <span class="method-name">AQC_EPP_clear</span>
                <span class="method-start">9399830 ms</span>
              </div> <!-- test-method -->
              <div class="configuration-method after">
                <span class="method-name">getResult([TestResult name=AQC_EPP_clear status=FAILURE method=QCStore.AQC_EPP_clear()[pri:18, instance:tests....)</span>
                <span class="method-start">9845347 ms</span>
              </div> <!-- configuration-method after -->
              <div class="configuration-method before">
                <span class="method-name">killProcess</span>
                <span class="method-start">9846695 ms</span>
              </div> <!-- configuration-method before -->
              <div class="test-method">
                <img src="failed.png">
                </img>
                <span class="method-name">AQC_EPP_refund</span>
                <span class="method-start">9851705 ms</span>
              </div> <!-- test-method -->
              <div class="configuration-method after">
                <span class="method-name">getResult([TestResult name=AQC_EPP_refund status=FAILURE method=QCStore.AQC_EPP_refund()[pri:19, instance:test...)</span>
                <span class="method-start">10298686 ms</span>
              </div> <!-- configuration-method after -->
              <div class="configuration-method before">
                <span class="method-name">killProcess</span>
                <span class="method-start">10300066 ms</span>
              </div> <!-- configuration-method before -->
              <div class="test-method">
                <img src="failed.png">
                </img>
                <span class="method-name">AQC_EPP_Return</span>
                <span class="method-start">10305077 ms</span>
              </div> <!-- test-method -->
              <div class="configuration-method after">
                <span class="method-name">getResult([TestResult name=AQC_EPP_Return status=FAILURE method=QCStore.AQC_EPP_Return()[pri:20, instance:test...)</span>
                <span class="method-start">10769371 ms</span>
              </div> <!-- configuration-method after -->
              <div class="configuration-method before">
                <span class="method-name">killProcess</span>
                <span class="method-start">10770742 ms</span>
              </div> <!-- configuration-method before -->
              <div class="test-method">
                <img src="failed.png">
                </img>
                <span class="method-name">AQC_EPP_nsfPayment</span>
                <span class="method-start">10775753 ms</span>
              </div> <!-- test-method -->
              <div class="configuration-method after">
                <span class="method-name">getResult([TestResult name=AQC_EPP_nsfPayment status=FAILURE method=QCStore.AQC_EPP_nsfPayment()[pri:21, insta...)</span>
                <span class="method-start">11226869 ms</span>
              </div> <!-- configuration-method after -->
              <div class="configuration-method before">
                <span class="method-name">killProcess</span>
                <span class="method-start">11228213 ms</span>
              </div> <!-- configuration-method before -->
              <div class="test-method">
                <img src="failed.png">
                </img>
                <span class="method-name">AQC_EPP_Redeposit</span>
                <span class="method-start">11233222 ms</span>
              </div> <!-- test-method -->
              <div class="configuration-method after">
                <span class="method-name">getResult([TestResult name=AQC_EPP_Redeposit status=FAILURE method=QCStore.AQC_EPP_Redeposit()[pri:22, instanc...)</span>
                <span class="method-start">11686701 ms</span>
>>>>>>> anoop1.1
              </div> <!-- configuration-method after -->
          </div> <!-- main-panel-content rounded-window-bottom -->
        </div> <!-- panel -->
      </div> <!-- main-panel-root -->
    </div> <!-- wrapper -->
  </body>
</html>
